{"uuid":"06b5638a-24a3-4fb4-89ff-6cb0cac24241","historyId":"2e464f353a8ebcc73a68474766d09cca","testCaseId":"d285a4b4261e35337b725076e40d4774","fullName":"src/test/resources/DesignProject.feature:106","labels":[{"name":"tag","value":"Run"},{"name":"host","value":"TWIN19"},{"name":"thread","value":"6868@TWIN19.main(1)"},{"name":"feature","value":"Creating Projects and other functionalities realted to it"},{"name":"story","value":"Verify by filtering the required project and clicking on it"},{"name":"suite","value":"Creating Projects and other functionalities realted to it"},{"name":"testClass","value":"Verify by filtering the required project and clicking on it"},{"name":"framework","value":"cucumber6jvm"},{"name":"language","value":"java"},{"name":"gherkin_uri","value":"file:///C:/Users/TWINUser-08/eclipse-workspace/DemoURL-Krion6D_Automation/src/test/resources/DesignProject.feature"},{"name":"package","value":"src.test.resources.DesignProject_feature.Creating Projects and other functionalities realted to it"}],"links":[],"name":"Verify by filtering the required project and clicking on it","status":"broken","statusDetails":{"known":false,"muted":false,"flaky":false,"message":"element click intercepted: Element <a _ngcontent-tis-c115=\"\" role=\"link\" routerlinkactive=\"active\" href=\"/projects/design/list/243/dashboard\" class=\"ng-star-inserted\">...</a> is not clickable at point (402, 9). Other element would receive the click: <header _ngcontent-tis-c83=\"\" id=\"header\" class=\"header fixed-top d-flex align-items-center\">...</header>\n  (Session info: chrome=131.0.6778.87)\nBuild info: version: '4.20.0', revision: '866c76ca80'\nSystem info: os.name: 'Windows 10', os.arch: 'amd64', os.version: '10.0', java.version: '22.0.1'\nDriver info: org.openqa.selenium.chrome.ChromeDriver\nCommand: [ec3d557e6958fd5585e0af110fd962b8, clickElement {id=f.1F9F99FC4BFC7D858648FF372EE708EB.d.7561AFD207742EE1524EBD7A0A72F23B.e.595}]\nCapabilities {acceptInsecureCerts: false, browserName: chrome, browserVersion: 131.0.6778.87, chrome: {chromedriverVersion: 131.0.6778.87 (ce31cae94873..., userDataDir: C:\\Users\\TWINUS~1\\AppData\\L...}, fedcm:accounts: true, goog:chromeOptions: {debuggerAddress: localhost:62332}, networkConnectionEnabled: false, pageLoadStrategy: normal, platformName: windows, proxy: Proxy(), se:cdp: ws://localhost:62332/devtoo..., se:cdpVersion: 131.0.6778.87, setWindowRect: true, strictFileInteractability: false, timeouts: {implicit: 0, pageLoad: 300000, script: 30000}, unhandledPromptBehavior: dismiss and notify, webauthn:extension:credBlob: true, webauthn:extension:largeBlob: true, webauthn:extension:minPinLength: true, webauthn:extension:prf: true, webauthn:virtualAuthenticators: true}\nElement: [[ChromeDriver: chrome on windows (ec3d557e6958fd5585e0af110fd962b8)] -> xpath: //tbody//tr//td//a[contains(text(),'1111-ATXX-XX01-0001-A-P01.18')]]\nSession ID: ec3d557e6958fd5585e0af110fd962b8","trace":"org.openqa.selenium.ElementClickInterceptedException: element click intercepted: Element <a _ngcontent-tis-c115=\"\" role=\"link\" routerlinkactive=\"active\" href=\"/projects/design/list/243/dashboard\" class=\"ng-star-inserted\">...</a> is not clickable at point (402, 9). Other element would receive the click: <header _ngcontent-tis-c83=\"\" id=\"header\" class=\"header fixed-top d-flex align-items-center\">...</header>\n  (Session info: chrome=131.0.6778.87)\nBuild info: version: '4.20.0', revision: '866c76ca80'\nSystem info: os.name: 'Windows 10', os.arch: 'amd64', os.version: '10.0', java.version: '22.0.1'\nDriver info: org.openqa.selenium.chrome.ChromeDriver\nCommand: [ec3d557e6958fd5585e0af110fd962b8, clickElement {id=f.1F9F99FC4BFC7D858648FF372EE708EB.d.7561AFD207742EE1524EBD7A0A72F23B.e.595}]\nCapabilities {acceptInsecureCerts: false, browserName: chrome, browserVersion: 131.0.6778.87, chrome: {chromedriverVersion: 131.0.6778.87 (ce31cae94873..., userDataDir: C:\\Users\\TWINUS~1\\AppData\\L...}, fedcm:accounts: true, goog:chromeOptions: {debuggerAddress: localhost:62332}, networkConnectionEnabled: false, pageLoadStrategy: normal, platformName: windows, proxy: Proxy(), se:cdp: ws://localhost:62332/devtoo..., se:cdpVersion: 131.0.6778.87, setWindowRect: true, strictFileInteractability: false, timeouts: {implicit: 0, pageLoad: 300000, script: 30000}, unhandledPromptBehavior: dismiss and notify, webauthn:extension:credBlob: true, webauthn:extension:largeBlob: true, webauthn:extension:minPinLength: true, webauthn:extension:prf: true, webauthn:virtualAuthenticators: true}\nElement: [[ChromeDriver: chrome on windows (ec3d557e6958fd5585e0af110fd962b8)] -> xpath: //tbody//tr//td//a[contains(text(),'1111-ATXX-XX01-0001-A-P01.18')]]\nSession ID: ec3d557e6958fd5585e0af110fd962b8\r\n\tat java.base/jdk.internal.reflect.DirectConstructorHandleAccessor.newInstance(DirectConstructorHandleAccessor.java:62)\r\n\tat java.base/java.lang.reflect.Constructor.newInstanceWithCaller(Constructor.java:502)\r\n\tat java.base/java.lang.reflect.Constructor.newInstance(Constructor.java:486)\r\n\tat org.openqa.selenium.remote.ErrorCodec.decode(ErrorCodec.java:167)\r\n\tat org.openqa.selenium.remote.codec.w3c.W3CHttpResponseCodec.decode(W3CHttpResponseCodec.java:138)\r\n\tat org.openqa.selenium.remote.codec.w3c.W3CHttpResponseCodec.decode(W3CHttpResponseCodec.java:50)\r\n\tat org.openqa.selenium.remote.HttpCommandExecutor.execute(HttpCommandExecutor.java:190)\r\n\tat org.openqa.selenium.remote.service.DriverCommandExecutor.invokeExecute(DriverCommandExecutor.java:216)\r\n\tat org.openqa.selenium.remote.service.DriverCommandExecutor.execute(DriverCommandExecutor.java:174)\r\n\tat org.openqa.selenium.remote.RemoteWebDriver.execute(RemoteWebDriver.java:518)\r\n\tat org.openqa.selenium.remote.RemoteWebElement.execute(RemoteWebElement.java:223)\r\n\tat org.openqa.selenium.remote.RemoteWebElement.click(RemoteWebElement.java:76)\r\n\tat Locators.AssignRole_Locators.clickOnProject(AssignRole_Locators.java:557)\r\n\tat Testcases.DesingProjectTestcases.filtering_the_required_project_and_clickin_on_it_using_sheetname_and_rownumber(DesingProjectTestcases.java:581)\r\n\tat ✽.filtering the required project and clickin on it using sheetname \"Add Project\" and rownumber 0(file:///C:/Users/TWINUser-08/eclipse-workspace/DemoURL-Krion6D_Automation/src/test/resources/DesignProject.feature:107)\r\n"},"stage":"finished","description":"   This feature aims to test and create the Projects and other functionality in it under Design module within the application.","steps":[{"name":"Then filtering the required project and clickin on it using sheetname \"Add Project\" and rownumber 0","status":"broken","statusDetails":{"known":false,"muted":false,"flaky":false,"message":"element click intercepted: Element <a _ngcontent-tis-c115=\"\" role=\"link\" routerlinkactive=\"active\" href=\"/projects/design/list/243/dashboard\" class=\"ng-star-inserted\">...</a> is not clickable at point (402, 9). Other element would receive the click: <header _ngcontent-tis-c83=\"\" id=\"header\" class=\"header fixed-top d-flex align-items-center\">...</header>\n  (Session info: chrome=131.0.6778.87)\nBuild info: version: '4.20.0', revision: '866c76ca80'\nSystem info: os.name: 'Windows 10', os.arch: 'amd64', os.version: '10.0', java.version: '22.0.1'\nDriver info: org.openqa.selenium.chrome.ChromeDriver\nCommand: [ec3d557e6958fd5585e0af110fd962b8, clickElement {id=f.1F9F99FC4BFC7D858648FF372EE708EB.d.7561AFD207742EE1524EBD7A0A72F23B.e.595}]\nCapabilities {acceptInsecureCerts: false, browserName: chrome, browserVersion: 131.0.6778.87, chrome: {chromedriverVersion: 131.0.6778.87 (ce31cae94873..., userDataDir: C:\\Users\\TWINUS~1\\AppData\\L...}, fedcm:accounts: true, goog:chromeOptions: {debuggerAddress: localhost:62332}, networkConnectionEnabled: false, pageLoadStrategy: normal, platformName: windows, proxy: Proxy(), se:cdp: ws://localhost:62332/devtoo..., se:cdpVersion: 131.0.6778.87, setWindowRect: true, strictFileInteractability: false, timeouts: {implicit: 0, pageLoad: 300000, script: 30000}, unhandledPromptBehavior: dismiss and notify, webauthn:extension:credBlob: true, webauthn:extension:largeBlob: true, webauthn:extension:minPinLength: true, webauthn:extension:prf: true, webauthn:virtualAuthenticators: true}\nElement: [[ChromeDriver: chrome on windows (ec3d557e6958fd5585e0af110fd962b8)] -> xpath: //tbody//tr//td//a[contains(text(),'1111-ATXX-XX01-0001-A-P01.18')]]\nSession ID: ec3d557e6958fd5585e0af110fd962b8","trace":"org.openqa.selenium.ElementClickInterceptedException: element click intercepted: Element <a _ngcontent-tis-c115=\"\" role=\"link\" routerlinkactive=\"active\" href=\"/projects/design/list/243/dashboard\" class=\"ng-star-inserted\">...</a> is not clickable at point (402, 9). Other element would receive the click: <header _ngcontent-tis-c83=\"\" id=\"header\" class=\"header fixed-top d-flex align-items-center\">...</header>\n  (Session info: chrome=131.0.6778.87)\nBuild info: version: '4.20.0', revision: '866c76ca80'\nSystem info: os.name: 'Windows 10', os.arch: 'amd64', os.version: '10.0', java.version: '22.0.1'\nDriver info: org.openqa.selenium.chrome.ChromeDriver\nCommand: [ec3d557e6958fd5585e0af110fd962b8, clickElement {id=f.1F9F99FC4BFC7D858648FF372EE708EB.d.7561AFD207742EE1524EBD7A0A72F23B.e.595}]\nCapabilities {acceptInsecureCerts: false, browserName: chrome, browserVersion: 131.0.6778.87, chrome: {chromedriverVersion: 131.0.6778.87 (ce31cae94873..., userDataDir: C:\\Users\\TWINUS~1\\AppData\\L...}, fedcm:accounts: true, goog:chromeOptions: {debuggerAddress: localhost:62332}, networkConnectionEnabled: false, pageLoadStrategy: normal, platformName: windows, proxy: Proxy(), se:cdp: ws://localhost:62332/devtoo..., se:cdpVersion: 131.0.6778.87, setWindowRect: true, strictFileInteractability: false, timeouts: {implicit: 0, pageLoad: 300000, script: 30000}, unhandledPromptBehavior: dismiss and notify, webauthn:extension:credBlob: true, webauthn:extension:largeBlob: true, webauthn:extension:minPinLength: true, webauthn:extension:prf: true, webauthn:virtualAuthenticators: true}\nElement: [[ChromeDriver: chrome on windows (ec3d557e6958fd5585e0af110fd962b8)] -> xpath: //tbody//tr//td//a[contains(text(),'1111-ATXX-XX01-0001-A-P01.18')]]\nSession ID: ec3d557e6958fd5585e0af110fd962b8\r\n\tat java.base/jdk.internal.reflect.DirectConstructorHandleAccessor.newInstance(DirectConstructorHandleAccessor.java:62)\r\n\tat java.base/java.lang.reflect.Constructor.newInstanceWithCaller(Constructor.java:502)\r\n\tat java.base/java.lang.reflect.Constructor.newInstance(Constructor.java:486)\r\n\tat org.openqa.selenium.remote.ErrorCodec.decode(ErrorCodec.java:167)\r\n\tat org.openqa.selenium.remote.codec.w3c.W3CHttpResponseCodec.decode(W3CHttpResponseCodec.java:138)\r\n\tat org.openqa.selenium.remote.codec.w3c.W3CHttpResponseCodec.decode(W3CHttpResponseCodec.java:50)\r\n\tat org.openqa.selenium.remote.HttpCommandExecutor.execute(HttpCommandExecutor.java:190)\r\n\tat org.openqa.selenium.remote.service.DriverCommandExecutor.invokeExecute(DriverCommandExecutor.java:216)\r\n\tat org.openqa.selenium.remote.service.DriverCommandExecutor.execute(DriverCommandExecutor.java:174)\r\n\tat org.openqa.selenium.remote.RemoteWebDriver.execute(RemoteWebDriver.java:518)\r\n\tat org.openqa.selenium.remote.RemoteWebElement.execute(RemoteWebElement.java:223)\r\n\tat org.openqa.selenium.remote.RemoteWebElement.click(RemoteWebElement.java:76)\r\n\tat Locators.AssignRole_Locators.clickOnProject(AssignRole_Locators.java:557)\r\n\tat Testcases.DesingProjectTestcases.filtering_the_required_project_and_clickin_on_it_using_sheetname_and_rownumber(DesingProjectTestcases.java:581)\r\n\tat ✽.filtering the required project and clickin on it using sheetname \"Add Project\" and rownumber 0(file:///C:/Users/TWINUser-08/eclipse-workspace/DemoURL-Krion6D_Automation/src/test/resources/DesignProject.feature:107)\r\n"},"stage":"finished","steps":[],"attachments":[{"name":"Screenshot for Assigning Role Page","source":"c243c9ef-7fd2-4e17-8b5b-d94f7a6f2c27-attachment"}],"parameters":[],"start":1733381656614,"stop":1733381668505}],"attachments":[],"parameters":[],"start":1733381656567,"stop":1733381668514}