{"uuid":"37c5d40a-d81c-47c0-919e-a52afba9f909","historyId":"e68c8bb850bd74e326a8e22db8b15d28","testCaseId":"d285a4b4261e35337b725076e40d4774","fullName":"src/test/resources/DesignProject.feature:105","labels":[{"name":"tag","value":"Run"},{"name":"host","value":"TWIN19"},{"name":"thread","value":"26448@TWIN19.main(1)"},{"name":"feature","value":"Creating Projects and other functionalities realted to it"},{"name":"story","value":"Verify by filtering the required project and clicking on it"},{"name":"suite","value":"Creating Projects and other functionalities realted to it"},{"name":"testClass","value":"Verify by filtering the required project and clicking on it"},{"name":"framework","value":"cucumber6jvm"},{"name":"language","value":"java"},{"name":"gherkin_uri","value":"file:///C:/Users/TWINUser-08/eclipse-workspace/DemoURL-Krion6D_Automation/src/test/resources/DesignProject.feature"},{"name":"package","value":"src.test.resources.DesignProject_feature.Creating Projects and other functionalities realted to it"}],"links":[],"name":"Verify by filtering the required project and clicking on it","status":"broken","statusDetails":{"known":false,"muted":false,"flaky":false,"message":"element click intercepted: Element <a _ngcontent-txj-c115=\"\" role=\"link\" routerlinkactive=\"active\" href=\"/projects/design/list/330/dashboard\" class=\"ng-star-inserted\">...</a> is not clickable at point (402, 39). Other element would receive the click: <header _ngcontent-txj-c83=\"\" id=\"header\" class=\"header fixed-top d-flex align-items-center\">...</header>\n  (Session info: chrome=131.0.6778.109)\nBuild info: version: '4.20.0', revision: '866c76ca80'\nSystem info: os.name: 'Windows 10', os.arch: 'amd64', os.version: '10.0', java.version: '22.0.1'\nDriver info: org.openqa.selenium.chrome.ChromeDriver\nCommand: [a1e31b0a7b727b8d9f1ea6d71b1da8f2, clickElement {id=f.413D69E4F7385F96ADBD52331F8C5287.d.02DC77D97988A3EC5674C8A416826184.e.106}]\nCapabilities {acceptInsecureCerts: false, browserName: chrome, browserVersion: 131.0.6778.109, chrome: {chromedriverVersion: 131.0.6778.108 (3b014839fbc..., userDataDir: C:\\Users\\TWINUS~1\\AppData\\L...}, fedcm:accounts: true, goog:chromeOptions: {debuggerAddress: localhost:50447}, networkConnectionEnabled: false, pageLoadStrategy: normal, platformName: windows, proxy: Proxy(), se:cdp: ws://localhost:50447/devtoo..., se:cdpVersion: 131.0.6778.109, setWindowRect: true, strictFileInteractability: false, timeouts: {implicit: 0, pageLoad: 300000, script: 30000}, unhandledPromptBehavior: dismiss and notify, webauthn:extension:credBlob: true, webauthn:extension:largeBlob: true, webauthn:extension:minPinLength: true, webauthn:extension:prf: true, webauthn:virtualAuthenticators: true}\nElement: [[ChromeDriver: chrome on windows (a1e31b0a7b727b8d9f1ea6d71b1da8f2)] -> xpath: //tbody//tr//td//a[contains(text(),'1111-ATXX-XX01-0001-A-P01.20')]]\nSession ID: a1e31b0a7b727b8d9f1ea6d71b1da8f2","trace":"org.openqa.selenium.ElementClickInterceptedException: element click intercepted: Element <a _ngcontent-txj-c115=\"\" role=\"link\" routerlinkactive=\"active\" href=\"/projects/design/list/330/dashboard\" class=\"ng-star-inserted\">...</a> is not clickable at point (402, 39). Other element would receive the click: <header _ngcontent-txj-c83=\"\" id=\"header\" class=\"header fixed-top d-flex align-items-center\">...</header>\n  (Session info: chrome=131.0.6778.109)\nBuild info: version: '4.20.0', revision: '866c76ca80'\nSystem info: os.name: 'Windows 10', os.arch: 'amd64', os.version: '10.0', java.version: '22.0.1'\nDriver info: org.openqa.selenium.chrome.ChromeDriver\nCommand: [a1e31b0a7b727b8d9f1ea6d71b1da8f2, clickElement {id=f.413D69E4F7385F96ADBD52331F8C5287.d.02DC77D97988A3EC5674C8A416826184.e.106}]\nCapabilities {acceptInsecureCerts: false, browserName: chrome, browserVersion: 131.0.6778.109, chrome: {chromedriverVersion: 131.0.6778.108 (3b014839fbc..., userDataDir: C:\\Users\\TWINUS~1\\AppData\\L...}, fedcm:accounts: true, goog:chromeOptions: {debuggerAddress: localhost:50447}, networkConnectionEnabled: false, pageLoadStrategy: normal, platformName: windows, proxy: Proxy(), se:cdp: ws://localhost:50447/devtoo..., se:cdpVersion: 131.0.6778.109, setWindowRect: true, strictFileInteractability: false, timeouts: {implicit: 0, pageLoad: 300000, script: 30000}, unhandledPromptBehavior: dismiss and notify, webauthn:extension:credBlob: true, webauthn:extension:largeBlob: true, webauthn:extension:minPinLength: true, webauthn:extension:prf: true, webauthn:virtualAuthenticators: true}\nElement: [[ChromeDriver: chrome on windows (a1e31b0a7b727b8d9f1ea6d71b1da8f2)] -> xpath: //tbody//tr//td//a[contains(text(),'1111-ATXX-XX01-0001-A-P01.20')]]\nSession ID: a1e31b0a7b727b8d9f1ea6d71b1da8f2\r\n\tat java.base/jdk.internal.reflect.DirectConstructorHandleAccessor.newInstance(DirectConstructorHandleAccessor.java:62)\r\n\tat java.base/java.lang.reflect.Constructor.newInstanceWithCaller(Constructor.java:502)\r\n\tat java.base/java.lang.reflect.Constructor.newInstance(Constructor.java:486)\r\n\tat org.openqa.selenium.remote.ErrorCodec.decode(ErrorCodec.java:167)\r\n\tat org.openqa.selenium.remote.codec.w3c.W3CHttpResponseCodec.decode(W3CHttpResponseCodec.java:138)\r\n\tat org.openqa.selenium.remote.codec.w3c.W3CHttpResponseCodec.decode(W3CHttpResponseCodec.java:50)\r\n\tat org.openqa.selenium.remote.HttpCommandExecutor.execute(HttpCommandExecutor.java:190)\r\n\tat org.openqa.selenium.remote.service.DriverCommandExecutor.invokeExecute(DriverCommandExecutor.java:216)\r\n\tat org.openqa.selenium.remote.service.DriverCommandExecutor.execute(DriverCommandExecutor.java:174)\r\n\tat org.openqa.selenium.remote.RemoteWebDriver.execute(RemoteWebDriver.java:518)\r\n\tat org.openqa.selenium.remote.RemoteWebElement.execute(RemoteWebElement.java:223)\r\n\tat org.openqa.selenium.remote.RemoteWebElement.click(RemoteWebElement.java:76)\r\n\tat Locators.AssignRole_Locators.clickOnProject(AssignRole_Locators.java:534)\r\n\tat Testcases.DesingProjectTestcases.filtering_the_required_project_and_clickin_on_it_using_sheetname_and_rownumber(DesingProjectTestcases.java:585)\r\n\tat ✽.filtering the required project and clickin on it using sheetname \"Add Project\" and rownumber 0(file:///C:/Users/TWINUser-08/eclipse-workspace/DemoURL-Krion6D_Automation/src/test/resources/DesignProject.feature:106)\r\n"},"stage":"finished","description":"   This feature aims to test and create the Projects and other functionality in it under Design module within the application.","steps":[{"name":"Then filtering the required project and clickin on it using sheetname \"Add Project\" and rownumber 0","status":"broken","statusDetails":{"known":false,"muted":false,"flaky":false,"message":"element click intercepted: Element <a _ngcontent-txj-c115=\"\" role=\"link\" routerlinkactive=\"active\" href=\"/projects/design/list/330/dashboard\" class=\"ng-star-inserted\">...</a> is not clickable at point (402, 39). Other element would receive the click: <header _ngcontent-txj-c83=\"\" id=\"header\" class=\"header fixed-top d-flex align-items-center\">...</header>\n  (Session info: chrome=131.0.6778.109)\nBuild info: version: '4.20.0', revision: '866c76ca80'\nSystem info: os.name: 'Windows 10', os.arch: 'amd64', os.version: '10.0', java.version: '22.0.1'\nDriver info: org.openqa.selenium.chrome.ChromeDriver\nCommand: [a1e31b0a7b727b8d9f1ea6d71b1da8f2, clickElement {id=f.413D69E4F7385F96ADBD52331F8C5287.d.02DC77D97988A3EC5674C8A416826184.e.106}]\nCapabilities {acceptInsecureCerts: false, browserName: chrome, browserVersion: 131.0.6778.109, chrome: {chromedriverVersion: 131.0.6778.108 (3b014839fbc..., userDataDir: C:\\Users\\TWINUS~1\\AppData\\L...}, fedcm:accounts: true, goog:chromeOptions: {debuggerAddress: localhost:50447}, networkConnectionEnabled: false, pageLoadStrategy: normal, platformName: windows, proxy: Proxy(), se:cdp: ws://localhost:50447/devtoo..., se:cdpVersion: 131.0.6778.109, setWindowRect: true, strictFileInteractability: false, timeouts: {implicit: 0, pageLoad: 300000, script: 30000}, unhandledPromptBehavior: dismiss and notify, webauthn:extension:credBlob: true, webauthn:extension:largeBlob: true, webauthn:extension:minPinLength: true, webauthn:extension:prf: true, webauthn:virtualAuthenticators: true}\nElement: [[ChromeDriver: chrome on windows (a1e31b0a7b727b8d9f1ea6d71b1da8f2)] -> xpath: //tbody//tr//td//a[contains(text(),'1111-ATXX-XX01-0001-A-P01.20')]]\nSession ID: a1e31b0a7b727b8d9f1ea6d71b1da8f2","trace":"org.openqa.selenium.ElementClickInterceptedException: element click intercepted: Element <a _ngcontent-txj-c115=\"\" role=\"link\" routerlinkactive=\"active\" href=\"/projects/design/list/330/dashboard\" class=\"ng-star-inserted\">...</a> is not clickable at point (402, 39). Other element would receive the click: <header _ngcontent-txj-c83=\"\" id=\"header\" class=\"header fixed-top d-flex align-items-center\">...</header>\n  (Session info: chrome=131.0.6778.109)\nBuild info: version: '4.20.0', revision: '866c76ca80'\nSystem info: os.name: 'Windows 10', os.arch: 'amd64', os.version: '10.0', java.version: '22.0.1'\nDriver info: org.openqa.selenium.chrome.ChromeDriver\nCommand: [a1e31b0a7b727b8d9f1ea6d71b1da8f2, clickElement {id=f.413D69E4F7385F96ADBD52331F8C5287.d.02DC77D97988A3EC5674C8A416826184.e.106}]\nCapabilities {acceptInsecureCerts: false, browserName: chrome, browserVersion: 131.0.6778.109, chrome: {chromedriverVersion: 131.0.6778.108 (3b014839fbc..., userDataDir: C:\\Users\\TWINUS~1\\AppData\\L...}, fedcm:accounts: true, goog:chromeOptions: {debuggerAddress: localhost:50447}, networkConnectionEnabled: false, pageLoadStrategy: normal, platformName: windows, proxy: Proxy(), se:cdp: ws://localhost:50447/devtoo..., se:cdpVersion: 131.0.6778.109, setWindowRect: true, strictFileInteractability: false, timeouts: {implicit: 0, pageLoad: 300000, script: 30000}, unhandledPromptBehavior: dismiss and notify, webauthn:extension:credBlob: true, webauthn:extension:largeBlob: true, webauthn:extension:minPinLength: true, webauthn:extension:prf: true, webauthn:virtualAuthenticators: true}\nElement: [[ChromeDriver: chrome on windows (a1e31b0a7b727b8d9f1ea6d71b1da8f2)] -> xpath: //tbody//tr//td//a[contains(text(),'1111-ATXX-XX01-0001-A-P01.20')]]\nSession ID: a1e31b0a7b727b8d9f1ea6d71b1da8f2\r\n\tat java.base/jdk.internal.reflect.DirectConstructorHandleAccessor.newInstance(DirectConstructorHandleAccessor.java:62)\r\n\tat java.base/java.lang.reflect.Constructor.newInstanceWithCaller(Constructor.java:502)\r\n\tat java.base/java.lang.reflect.Constructor.newInstance(Constructor.java:486)\r\n\tat org.openqa.selenium.remote.ErrorCodec.decode(ErrorCodec.java:167)\r\n\tat org.openqa.selenium.remote.codec.w3c.W3CHttpResponseCodec.decode(W3CHttpResponseCodec.java:138)\r\n\tat org.openqa.selenium.remote.codec.w3c.W3CHttpResponseCodec.decode(W3CHttpResponseCodec.java:50)\r\n\tat org.openqa.selenium.remote.HttpCommandExecutor.execute(HttpCommandExecutor.java:190)\r\n\tat org.openqa.selenium.remote.service.DriverCommandExecutor.invokeExecute(DriverCommandExecutor.java:216)\r\n\tat org.openqa.selenium.remote.service.DriverCommandExecutor.execute(DriverCommandExecutor.java:174)\r\n\tat org.openqa.selenium.remote.RemoteWebDriver.execute(RemoteWebDriver.java:518)\r\n\tat org.openqa.selenium.remote.RemoteWebElement.execute(RemoteWebElement.java:223)\r\n\tat org.openqa.selenium.remote.RemoteWebElement.click(RemoteWebElement.java:76)\r\n\tat Locators.AssignRole_Locators.clickOnProject(AssignRole_Locators.java:534)\r\n\tat Testcases.DesingProjectTestcases.filtering_the_required_project_and_clickin_on_it_using_sheetname_and_rownumber(DesingProjectTestcases.java:585)\r\n\tat ✽.filtering the required project and clickin on it using sheetname \"Add Project\" and rownumber 0(file:///C:/Users/TWINUser-08/eclipse-workspace/DemoURL-Krion6D_Automation/src/test/resources/DesignProject.feature:106)\r\n"},"stage":"finished","steps":[],"attachments":[{"name":"Screenshot for Assigning Role Page","source":"fc83eedf-6de8-4e58-92ea-f9f76c2315c2-attachment"}],"parameters":[],"start":1733999084337,"stop":1733999096307}],"attachments":[],"parameters":[],"start":1733999084261,"stop":1733999096318}