{"uuid":"8532c05b-296f-44f1-9f13-ca4ff939f1f6","historyId":"e68c8bb850bd74e326a8e22db8b15d28","testCaseId":"d285a4b4261e35337b725076e40d4774","fullName":"src/test/resources/DesignProject.feature:105","labels":[{"name":"tag","value":"Run"},{"name":"host","value":"TWIN19"},{"name":"thread","value":"17472@TWIN19.main(1)"},{"name":"feature","value":"Creating Projects and other functionalities realted to it"},{"name":"story","value":"Verify by filtering the required project and clicking on it"},{"name":"suite","value":"Creating Projects and other functionalities realted to it"},{"name":"testClass","value":"Verify by filtering the required project and clicking on it"},{"name":"framework","value":"cucumber6jvm"},{"name":"language","value":"java"},{"name":"gherkin_uri","value":"file:///C:/Users/TWINUser-08/eclipse-workspace/DemoURL-Krion6D_Automation/src/test/resources/DesignProject.feature"},{"name":"package","value":"src.test.resources.DesignProject_feature.Creating Projects and other functionalities realted to it"}],"links":[],"name":"Verify by filtering the required project and clicking on it","status":"broken","statusDetails":{"known":false,"muted":false,"flaky":false,"message":"element click intercepted: Element <a _ngcontent-isk-c115=\"\" role=\"link\" routerlinkactive=\"active\" href=\"/projects/design/list/330/dashboard\" class=\"ng-star-inserted\">...</a> is not clickable at point (402, 39). Other element would receive the click: <header _ngcontent-isk-c83=\"\" id=\"header\" class=\"header fixed-top d-flex align-items-center\">...</header>\n  (Session info: chrome=131.0.6778.109)\nBuild info: version: '4.20.0', revision: '866c76ca80'\nSystem info: os.name: 'Windows 10', os.arch: 'amd64', os.version: '10.0', java.version: '22.0.1'\nDriver info: org.openqa.selenium.chrome.ChromeDriver\nCommand: [544662a345fd3f7627c2bdb9b44aa17a, clickElement {id=f.36241759B79DCCC4B86D2E9871EC339B.d.D2BF31FCBD2E7FB12A997B5A1CD6F666.e.102}]\nCapabilities {acceptInsecureCerts: false, browserName: chrome, browserVersion: 131.0.6778.109, chrome: {chromedriverVersion: 131.0.6778.108 (3b014839fbc..., userDataDir: C:\\Users\\TWINUS~1\\AppData\\L...}, fedcm:accounts: true, goog:chromeOptions: {debuggerAddress: localhost:55677}, networkConnectionEnabled: false, pageLoadStrategy: normal, platformName: windows, proxy: Proxy(), se:cdp: ws://localhost:55677/devtoo..., se:cdpVersion: 131.0.6778.109, setWindowRect: true, strictFileInteractability: false, timeouts: {implicit: 0, pageLoad: 300000, script: 30000}, unhandledPromptBehavior: dismiss and notify, webauthn:extension:credBlob: true, webauthn:extension:largeBlob: true, webauthn:extension:minPinLength: true, webauthn:extension:prf: true, webauthn:virtualAuthenticators: true}\nElement: [[ChromeDriver: chrome on windows (544662a345fd3f7627c2bdb9b44aa17a)] -> xpath: //tbody//tr//td//a[contains(text(),'1111-ATXX-XX01-0001-A-P01.20')]]\nSession ID: 544662a345fd3f7627c2bdb9b44aa17a","trace":"org.openqa.selenium.ElementClickInterceptedException: element click intercepted: Element <a _ngcontent-isk-c115=\"\" role=\"link\" routerlinkactive=\"active\" href=\"/projects/design/list/330/dashboard\" class=\"ng-star-inserted\">...</a> is not clickable at point (402, 39). Other element would receive the click: <header _ngcontent-isk-c83=\"\" id=\"header\" class=\"header fixed-top d-flex align-items-center\">...</header>\n  (Session info: chrome=131.0.6778.109)\nBuild info: version: '4.20.0', revision: '866c76ca80'\nSystem info: os.name: 'Windows 10', os.arch: 'amd64', os.version: '10.0', java.version: '22.0.1'\nDriver info: org.openqa.selenium.chrome.ChromeDriver\nCommand: [544662a345fd3f7627c2bdb9b44aa17a, clickElement {id=f.36241759B79DCCC4B86D2E9871EC339B.d.D2BF31FCBD2E7FB12A997B5A1CD6F666.e.102}]\nCapabilities {acceptInsecureCerts: false, browserName: chrome, browserVersion: 131.0.6778.109, chrome: {chromedriverVersion: 131.0.6778.108 (3b014839fbc..., userDataDir: C:\\Users\\TWINUS~1\\AppData\\L...}, fedcm:accounts: true, goog:chromeOptions: {debuggerAddress: localhost:55677}, networkConnectionEnabled: false, pageLoadStrategy: normal, platformName: windows, proxy: Proxy(), se:cdp: ws://localhost:55677/devtoo..., se:cdpVersion: 131.0.6778.109, setWindowRect: true, strictFileInteractability: false, timeouts: {implicit: 0, pageLoad: 300000, script: 30000}, unhandledPromptBehavior: dismiss and notify, webauthn:extension:credBlob: true, webauthn:extension:largeBlob: true, webauthn:extension:minPinLength: true, webauthn:extension:prf: true, webauthn:virtualAuthenticators: true}\nElement: [[ChromeDriver: chrome on windows (544662a345fd3f7627c2bdb9b44aa17a)] -> xpath: //tbody//tr//td//a[contains(text(),'1111-ATXX-XX01-0001-A-P01.20')]]\nSession ID: 544662a345fd3f7627c2bdb9b44aa17a\r\n\tat java.base/jdk.internal.reflect.DirectConstructorHandleAccessor.newInstance(DirectConstructorHandleAccessor.java:62)\r\n\tat java.base/java.lang.reflect.Constructor.newInstanceWithCaller(Constructor.java:502)\r\n\tat java.base/java.lang.reflect.Constructor.newInstance(Constructor.java:486)\r\n\tat org.openqa.selenium.remote.ErrorCodec.decode(ErrorCodec.java:167)\r\n\tat org.openqa.selenium.remote.codec.w3c.W3CHttpResponseCodec.decode(W3CHttpResponseCodec.java:138)\r\n\tat org.openqa.selenium.remote.codec.w3c.W3CHttpResponseCodec.decode(W3CHttpResponseCodec.java:50)\r\n\tat org.openqa.selenium.remote.HttpCommandExecutor.execute(HttpCommandExecutor.java:190)\r\n\tat org.openqa.selenium.remote.service.DriverCommandExecutor.invokeExecute(DriverCommandExecutor.java:216)\r\n\tat org.openqa.selenium.remote.service.DriverCommandExecutor.execute(DriverCommandExecutor.java:174)\r\n\tat org.openqa.selenium.remote.RemoteWebDriver.execute(RemoteWebDriver.java:518)\r\n\tat org.openqa.selenium.remote.RemoteWebElement.execute(RemoteWebElement.java:223)\r\n\tat org.openqa.selenium.remote.RemoteWebElement.click(RemoteWebElement.java:76)\r\n\tat Locators.AssignRole_Locators.clickOnProject(AssignRole_Locators.java:534)\r\n\tat Testcases.DesingProjectTestcases.filtering_the_required_project_and_clickin_on_it_using_sheetname_and_rownumber(DesingProjectTestcases.java:585)\r\n\tat ✽.filtering the required project and clickin on it using sheetname \"Add Project\" and rownumber 0(file:///C:/Users/TWINUser-08/eclipse-workspace/DemoURL-Krion6D_Automation/src/test/resources/DesignProject.feature:106)\r\n"},"stage":"finished","description":"   This feature aims to test and create the Projects and other functionality in it under Design module within the application.","steps":[{"name":"Then filtering the required project and clickin on it using sheetname \"Add Project\" and rownumber 0","status":"broken","statusDetails":{"known":false,"muted":false,"flaky":false,"message":"element click intercepted: Element <a _ngcontent-isk-c115=\"\" role=\"link\" routerlinkactive=\"active\" href=\"/projects/design/list/330/dashboard\" class=\"ng-star-inserted\">...</a> is not clickable at point (402, 39). Other element would receive the click: <header _ngcontent-isk-c83=\"\" id=\"header\" class=\"header fixed-top d-flex align-items-center\">...</header>\n  (Session info: chrome=131.0.6778.109)\nBuild info: version: '4.20.0', revision: '866c76ca80'\nSystem info: os.name: 'Windows 10', os.arch: 'amd64', os.version: '10.0', java.version: '22.0.1'\nDriver info: org.openqa.selenium.chrome.ChromeDriver\nCommand: [544662a345fd3f7627c2bdb9b44aa17a, clickElement {id=f.36241759B79DCCC4B86D2E9871EC339B.d.D2BF31FCBD2E7FB12A997B5A1CD6F666.e.102}]\nCapabilities {acceptInsecureCerts: false, browserName: chrome, browserVersion: 131.0.6778.109, chrome: {chromedriverVersion: 131.0.6778.108 (3b014839fbc..., userDataDir: C:\\Users\\TWINUS~1\\AppData\\L...}, fedcm:accounts: true, goog:chromeOptions: {debuggerAddress: localhost:55677}, networkConnectionEnabled: false, pageLoadStrategy: normal, platformName: windows, proxy: Proxy(), se:cdp: ws://localhost:55677/devtoo..., se:cdpVersion: 131.0.6778.109, setWindowRect: true, strictFileInteractability: false, timeouts: {implicit: 0, pageLoad: 300000, script: 30000}, unhandledPromptBehavior: dismiss and notify, webauthn:extension:credBlob: true, webauthn:extension:largeBlob: true, webauthn:extension:minPinLength: true, webauthn:extension:prf: true, webauthn:virtualAuthenticators: true}\nElement: [[ChromeDriver: chrome on windows (544662a345fd3f7627c2bdb9b44aa17a)] -> xpath: //tbody//tr//td//a[contains(text(),'1111-ATXX-XX01-0001-A-P01.20')]]\nSession ID: 544662a345fd3f7627c2bdb9b44aa17a","trace":"org.openqa.selenium.ElementClickInterceptedException: element click intercepted: Element <a _ngcontent-isk-c115=\"\" role=\"link\" routerlinkactive=\"active\" href=\"/projects/design/list/330/dashboard\" class=\"ng-star-inserted\">...</a> is not clickable at point (402, 39). Other element would receive the click: <header _ngcontent-isk-c83=\"\" id=\"header\" class=\"header fixed-top d-flex align-items-center\">...</header>\n  (Session info: chrome=131.0.6778.109)\nBuild info: version: '4.20.0', revision: '866c76ca80'\nSystem info: os.name: 'Windows 10', os.arch: 'amd64', os.version: '10.0', java.version: '22.0.1'\nDriver info: org.openqa.selenium.chrome.ChromeDriver\nCommand: [544662a345fd3f7627c2bdb9b44aa17a, clickElement {id=f.36241759B79DCCC4B86D2E9871EC339B.d.D2BF31FCBD2E7FB12A997B5A1CD6F666.e.102}]\nCapabilities {acceptInsecureCerts: false, browserName: chrome, browserVersion: 131.0.6778.109, chrome: {chromedriverVersion: 131.0.6778.108 (3b014839fbc..., userDataDir: C:\\Users\\TWINUS~1\\AppData\\L...}, fedcm:accounts: true, goog:chromeOptions: {debuggerAddress: localhost:55677}, networkConnectionEnabled: false, pageLoadStrategy: normal, platformName: windows, proxy: Proxy(), se:cdp: ws://localhost:55677/devtoo..., se:cdpVersion: 131.0.6778.109, setWindowRect: true, strictFileInteractability: false, timeouts: {implicit: 0, pageLoad: 300000, script: 30000}, unhandledPromptBehavior: dismiss and notify, webauthn:extension:credBlob: true, webauthn:extension:largeBlob: true, webauthn:extension:minPinLength: true, webauthn:extension:prf: true, webauthn:virtualAuthenticators: true}\nElement: [[ChromeDriver: chrome on windows (544662a345fd3f7627c2bdb9b44aa17a)] -> xpath: //tbody//tr//td//a[contains(text(),'1111-ATXX-XX01-0001-A-P01.20')]]\nSession ID: 544662a345fd3f7627c2bdb9b44aa17a\r\n\tat java.base/jdk.internal.reflect.DirectConstructorHandleAccessor.newInstance(DirectConstructorHandleAccessor.java:62)\r\n\tat java.base/java.lang.reflect.Constructor.newInstanceWithCaller(Constructor.java:502)\r\n\tat java.base/java.lang.reflect.Constructor.newInstance(Constructor.java:486)\r\n\tat org.openqa.selenium.remote.ErrorCodec.decode(ErrorCodec.java:167)\r\n\tat org.openqa.selenium.remote.codec.w3c.W3CHttpResponseCodec.decode(W3CHttpResponseCodec.java:138)\r\n\tat org.openqa.selenium.remote.codec.w3c.W3CHttpResponseCodec.decode(W3CHttpResponseCodec.java:50)\r\n\tat org.openqa.selenium.remote.HttpCommandExecutor.execute(HttpCommandExecutor.java:190)\r\n\tat org.openqa.selenium.remote.service.DriverCommandExecutor.invokeExecute(DriverCommandExecutor.java:216)\r\n\tat org.openqa.selenium.remote.service.DriverCommandExecutor.execute(DriverCommandExecutor.java:174)\r\n\tat org.openqa.selenium.remote.RemoteWebDriver.execute(RemoteWebDriver.java:518)\r\n\tat org.openqa.selenium.remote.RemoteWebElement.execute(RemoteWebElement.java:223)\r\n\tat org.openqa.selenium.remote.RemoteWebElement.click(RemoteWebElement.java:76)\r\n\tat Locators.AssignRole_Locators.clickOnProject(AssignRole_Locators.java:534)\r\n\tat Testcases.DesingProjectTestcases.filtering_the_required_project_and_clickin_on_it_using_sheetname_and_rownumber(DesingProjectTestcases.java:585)\r\n\tat ✽.filtering the required project and clickin on it using sheetname \"Add Project\" and rownumber 0(file:///C:/Users/TWINUser-08/eclipse-workspace/DemoURL-Krion6D_Automation/src/test/resources/DesignProject.feature:106)\r\n"},"stage":"finished","steps":[],"attachments":[{"name":"Screenshot for Assigning Role Page","source":"da9f2ef8-aef4-4264-8058-053f22f3e212-attachment"}],"parameters":[],"start":1733983921969,"stop":1733983934150}],"attachments":[],"parameters":[],"start":1733983919423,"stop":1733983934160}