{"uuid":"8e981fd5-98e0-4f28-bc69-7d22bfe18076","historyId":"18ba0a412d872526657781d3c151d0cc","testCaseId":"276149c2c61ec52abe01aa6720a21471","fullName":"src/test/resources/DesignProject.feature:349","labels":[{"name":"tag","value":"Run"},{"name":"host","value":"TWIN19"},{"name":"thread","value":"11720@TWIN19.main(1)"},{"name":"feature","value":"Creating Projects and other functionalities realted to it"},{"name":"story","value":"Verify by Entering valid End date on the field Add RFA"},{"name":"suite","value":"Creating Projects and other functionalities realted to it"},{"name":"testClass","value":"Verify by Entering valid End date on the field Add RFA"},{"name":"framework","value":"cucumber6jvm"},{"name":"language","value":"java"},{"name":"gherkin_uri","value":"file:///C:/Users/TWINUser-08/eclipse-workspace/DemoURL-Krion6D_Automation/src/test/resources/DesignProject.feature"},{"name":"package","value":"src.test.resources.DesignProject_feature.Creating Projects and other functionalities realted to it"}],"links":[],"name":"Verify by Entering valid End date on the field Add RFA","status":"broken","statusDetails":{"known":false,"muted":false,"flaky":false,"message":"element not interactable\n  (Session info: chrome=131.0.6778.87)\nBuild info: version: '4.20.0', revision: '866c76ca80'\nSystem info: os.name: 'Windows 10', os.arch: 'amd64', os.version: '10.0', java.version: '22.0.1'\nDriver info: org.openqa.selenium.chrome.ChromeDriver\nCommand: [d3d96e4fe71f4c0cf3005434f2e211ea, sendKeysToElement {value=[Ljava.lang.CharSequence;@1be8c122, id=f.89E461B35317C86748052AAB045B9E3C.d.23289FE5D7237DF0F6132458F926E3A4.e.4728}]\nCapabilities {acceptInsecureCerts: false, browserName: chrome, browserVersion: 131.0.6778.87, chrome: {chromedriverVersion: 131.0.6778.87 (ce31cae94873..., userDataDir: C:\\Users\\TWINUS~1\\AppData\\L...}, fedcm:accounts: true, goog:chromeOptions: {debuggerAddress: localhost:65109}, networkConnectionEnabled: false, pageLoadStrategy: normal, platformName: windows, proxy: Proxy(), se:cdp: ws://localhost:65109/devtoo..., se:cdpVersion: 131.0.6778.87, setWindowRect: true, strictFileInteractability: false, timeouts: {implicit: 0, pageLoad: 300000, script: 30000}, unhandledPromptBehavior: dismiss and notify, webauthn:extension:credBlob: true, webauthn:extension:largeBlob: true, webauthn:extension:minPinLength: true, webauthn:extension:prf: true, webauthn:virtualAuthenticators: true}\nElement: [[ChromeDriver: chrome on windows (d3d96e4fe71f4c0cf3005434f2e211ea)] -> xpath: //input[@id='targetDate']]\nSession ID: d3d96e4fe71f4c0cf3005434f2e211ea","trace":"org.openqa.selenium.ElementNotInteractableException: element not interactable\n  (Session info: chrome=131.0.6778.87)\nBuild info: version: '4.20.0', revision: '866c76ca80'\nSystem info: os.name: 'Windows 10', os.arch: 'amd64', os.version: '10.0', java.version: '22.0.1'\nDriver info: org.openqa.selenium.chrome.ChromeDriver\nCommand: [d3d96e4fe71f4c0cf3005434f2e211ea, sendKeysToElement {value=[Ljava.lang.CharSequence;@1be8c122, id=f.89E461B35317C86748052AAB045B9E3C.d.23289FE5D7237DF0F6132458F926E3A4.e.4728}]\nCapabilities {acceptInsecureCerts: false, browserName: chrome, browserVersion: 131.0.6778.87, chrome: {chromedriverVersion: 131.0.6778.87 (ce31cae94873..., userDataDir: C:\\Users\\TWINUS~1\\AppData\\L...}, fedcm:accounts: true, goog:chromeOptions: {debuggerAddress: localhost:65109}, networkConnectionEnabled: false, pageLoadStrategy: normal, platformName: windows, proxy: Proxy(), se:cdp: ws://localhost:65109/devtoo..., se:cdpVersion: 131.0.6778.87, setWindowRect: true, strictFileInteractability: false, timeouts: {implicit: 0, pageLoad: 300000, script: 30000}, unhandledPromptBehavior: dismiss and notify, webauthn:extension:credBlob: true, webauthn:extension:largeBlob: true, webauthn:extension:minPinLength: true, webauthn:extension:prf: true, webauthn:virtualAuthenticators: true}\nElement: [[ChromeDriver: chrome on windows (d3d96e4fe71f4c0cf3005434f2e211ea)] -> xpath: //input[@id='targetDate']]\nSession ID: d3d96e4fe71f4c0cf3005434f2e211ea\r\n\tat java.base/jdk.internal.reflect.DirectConstructorHandleAccessor.newInstance(DirectConstructorHandleAccessor.java:62)\r\n\tat java.base/java.lang.reflect.Constructor.newInstanceWithCaller(Constructor.java:502)\r\n\tat java.base/java.lang.reflect.Constructor.newInstance(Constructor.java:486)\r\n\tat org.openqa.selenium.remote.ErrorCodec.decode(ErrorCodec.java:167)\r\n\tat org.openqa.selenium.remote.codec.w3c.W3CHttpResponseCodec.decode(W3CHttpResponseCodec.java:138)\r\n\tat org.openqa.selenium.remote.codec.w3c.W3CHttpResponseCodec.decode(W3CHttpResponseCodec.java:50)\r\n\tat org.openqa.selenium.remote.HttpCommandExecutor.execute(HttpCommandExecutor.java:190)\r\n\tat org.openqa.selenium.remote.service.DriverCommandExecutor.invokeExecute(DriverCommandExecutor.java:216)\r\n\tat org.openqa.selenium.remote.service.DriverCommandExecutor.execute(DriverCommandExecutor.java:174)\r\n\tat org.openqa.selenium.remote.RemoteWebDriver.execute(RemoteWebDriver.java:518)\r\n\tat org.openqa.selenium.remote.RemoteWebElement.execute(RemoteWebElement.java:223)\r\n\tat org.openqa.selenium.remote.RemoteWebElement.sendKeys(RemoteWebElement.java:110)\r\n\tat java.base/jdk.internal.reflect.DirectMethodHandleAccessor.invoke(DirectMethodHandleAccessor.java:103)\r\n\tat java.base/java.lang.reflect.Method.invoke(Method.java:580)\r\n\tat org.openqa.selenium.support.pagefactory.internal.LocatingElementHandler.invoke(LocatingElementHandler.java:51)\r\n\tat jdk.proxy2/jdk.proxy2.$Proxy20.sendKeys(Unknown Source)\r\n\tat Locators.RFA_Locators.EnterOnEndDate(RFA_Locators.java:285)\r\n\tat Testcases.DesingProjectTestcases.entering_valid_end_date_on_the_field_in_add_RFA_using_sheetname_and_rownumber(DesingProjectTestcases.java:1685)\r\n\tat ✽.Entering valid End date on the field in add RFA using sheetname \"Add RFA\" and rownumber 0(file:///C:/Users/TWINUser-08/eclipse-workspace/DemoURL-Krion6D_Automation/src/test/resources/DesignProject.feature:350)\r\n"},"stage":"finished","description":"   This feature aims to test and create the Projects and other functionality in it under Design module within the application.","steps":[{"name":"Then Entering valid End date on the field in add RFA using sheetname \"Add RFA\" and rownumber 0","status":"broken","statusDetails":{"known":false,"muted":false,"flaky":false,"message":"element not interactable\n  (Session info: chrome=131.0.6778.87)\nBuild info: version: '4.20.0', revision: '866c76ca80'\nSystem info: os.name: 'Windows 10', os.arch: 'amd64', os.version: '10.0', java.version: '22.0.1'\nDriver info: org.openqa.selenium.chrome.ChromeDriver\nCommand: [d3d96e4fe71f4c0cf3005434f2e211ea, sendKeysToElement {value=[Ljava.lang.CharSequence;@1be8c122, id=f.89E461B35317C86748052AAB045B9E3C.d.23289FE5D7237DF0F6132458F926E3A4.e.4728}]\nCapabilities {acceptInsecureCerts: false, browserName: chrome, browserVersion: 131.0.6778.87, chrome: {chromedriverVersion: 131.0.6778.87 (ce31cae94873..., userDataDir: C:\\Users\\TWINUS~1\\AppData\\L...}, fedcm:accounts: true, goog:chromeOptions: {debuggerAddress: localhost:65109}, networkConnectionEnabled: false, pageLoadStrategy: normal, platformName: windows, proxy: Proxy(), se:cdp: ws://localhost:65109/devtoo..., se:cdpVersion: 131.0.6778.87, setWindowRect: true, strictFileInteractability: false, timeouts: {implicit: 0, pageLoad: 300000, script: 30000}, unhandledPromptBehavior: dismiss and notify, webauthn:extension:credBlob: true, webauthn:extension:largeBlob: true, webauthn:extension:minPinLength: true, webauthn:extension:prf: true, webauthn:virtualAuthenticators: true}\nElement: [[ChromeDriver: chrome on windows (d3d96e4fe71f4c0cf3005434f2e211ea)] -> xpath: //input[@id='targetDate']]\nSession ID: d3d96e4fe71f4c0cf3005434f2e211ea","trace":"org.openqa.selenium.ElementNotInteractableException: element not interactable\n  (Session info: chrome=131.0.6778.87)\nBuild info: version: '4.20.0', revision: '866c76ca80'\nSystem info: os.name: 'Windows 10', os.arch: 'amd64', os.version: '10.0', java.version: '22.0.1'\nDriver info: org.openqa.selenium.chrome.ChromeDriver\nCommand: [d3d96e4fe71f4c0cf3005434f2e211ea, sendKeysToElement {value=[Ljava.lang.CharSequence;@1be8c122, id=f.89E461B35317C86748052AAB045B9E3C.d.23289FE5D7237DF0F6132458F926E3A4.e.4728}]\nCapabilities {acceptInsecureCerts: false, browserName: chrome, browserVersion: 131.0.6778.87, chrome: {chromedriverVersion: 131.0.6778.87 (ce31cae94873..., userDataDir: C:\\Users\\TWINUS~1\\AppData\\L...}, fedcm:accounts: true, goog:chromeOptions: {debuggerAddress: localhost:65109}, networkConnectionEnabled: false, pageLoadStrategy: normal, platformName: windows, proxy: Proxy(), se:cdp: ws://localhost:65109/devtoo..., se:cdpVersion: 131.0.6778.87, setWindowRect: true, strictFileInteractability: false, timeouts: {implicit: 0, pageLoad: 300000, script: 30000}, unhandledPromptBehavior: dismiss and notify, webauthn:extension:credBlob: true, webauthn:extension:largeBlob: true, webauthn:extension:minPinLength: true, webauthn:extension:prf: true, webauthn:virtualAuthenticators: true}\nElement: [[ChromeDriver: chrome on windows (d3d96e4fe71f4c0cf3005434f2e211ea)] -> xpath: //input[@id='targetDate']]\nSession ID: d3d96e4fe71f4c0cf3005434f2e211ea\r\n\tat java.base/jdk.internal.reflect.DirectConstructorHandleAccessor.newInstance(DirectConstructorHandleAccessor.java:62)\r\n\tat java.base/java.lang.reflect.Constructor.newInstanceWithCaller(Constructor.java:502)\r\n\tat java.base/java.lang.reflect.Constructor.newInstance(Constructor.java:486)\r\n\tat org.openqa.selenium.remote.ErrorCodec.decode(ErrorCodec.java:167)\r\n\tat org.openqa.selenium.remote.codec.w3c.W3CHttpResponseCodec.decode(W3CHttpResponseCodec.java:138)\r\n\tat org.openqa.selenium.remote.codec.w3c.W3CHttpResponseCodec.decode(W3CHttpResponseCodec.java:50)\r\n\tat org.openqa.selenium.remote.HttpCommandExecutor.execute(HttpCommandExecutor.java:190)\r\n\tat org.openqa.selenium.remote.service.DriverCommandExecutor.invokeExecute(DriverCommandExecutor.java:216)\r\n\tat org.openqa.selenium.remote.service.DriverCommandExecutor.execute(DriverCommandExecutor.java:174)\r\n\tat org.openqa.selenium.remote.RemoteWebDriver.execute(RemoteWebDriver.java:518)\r\n\tat org.openqa.selenium.remote.RemoteWebElement.execute(RemoteWebElement.java:223)\r\n\tat org.openqa.selenium.remote.RemoteWebElement.sendKeys(RemoteWebElement.java:110)\r\n\tat java.base/jdk.internal.reflect.DirectMethodHandleAccessor.invoke(DirectMethodHandleAccessor.java:103)\r\n\tat java.base/java.lang.reflect.Method.invoke(Method.java:580)\r\n\tat org.openqa.selenium.support.pagefactory.internal.LocatingElementHandler.invoke(LocatingElementHandler.java:51)\r\n\tat jdk.proxy2/jdk.proxy2.$Proxy20.sendKeys(Unknown Source)\r\n\tat Locators.RFA_Locators.EnterOnEndDate(RFA_Locators.java:285)\r\n\tat Testcases.DesingProjectTestcases.entering_valid_end_date_on_the_field_in_add_RFA_using_sheetname_and_rownumber(DesingProjectTestcases.java:1685)\r\n\tat ✽.Entering valid End date on the field in add RFA using sheetname \"Add RFA\" and rownumber 0(file:///C:/Users/TWINUser-08/eclipse-workspace/DemoURL-Krion6D_Automation/src/test/resources/DesignProject.feature:350)\r\n"},"stage":"finished","steps":[],"attachments":[{"name":"Screenshot for Add RFA Page","source":"b96f9c89-6252-4daa-8172-677f1db5f974-attachment"}],"parameters":[],"start":1733484923055,"stop":1733484924403}],"attachments":[],"parameters":[],"start":1733484923026,"stop":1733484924407}