{"uuid":"a4f6001f-7556-4b49-a5f1-38d1eb10c65f","historyId":"27490d719b277a2aa99dbb5a6a5052ab","testCaseId":"62239d59c313579dc8aecd18561befe5","fullName":"src/test/resources/DesignProject.feature:121","labels":[{"name":"tag","value":"Run"},{"name":"host","value":"TWIN19"},{"name":"thread","value":"23416@TWIN19.main(1)"},{"name":"feature","value":"Creating Projects and other functionalities realted to it"},{"name":"story","value":"Veriffy by Clicking on Select role drop-down to select the required role from the list"},{"name":"suite","value":"Creating Projects and other functionalities realted to it"},{"name":"testClass","value":"Veriffy by Clicking on Select role drop-down to select the required role from the list"},{"name":"framework","value":"cucumber6jvm"},{"name":"language","value":"java"},{"name":"gherkin_uri","value":"file:///C:/Users/TWINUser-08/eclipse-workspace/DemoURL-Krion6D_Automation/src/test/resources/DesignProject.feature"},{"name":"package","value":"src.test.resources.DesignProject_feature.Creating Projects and other functionalities realted to it"}],"links":[],"name":"Veriffy by Clicking on Select role drop-down to select the required role from the list","status":"broken","statusDetails":{"known":false,"muted":false,"flaky":false,"message":"javascript error: {\"status\":11,\"value\":\"Element is not currently visible and may not be manipulated\"}\n  (Session info: chrome=131.0.6778.109)\nBuild info: version: '4.20.0', revision: '866c76ca80'\nSystem info: os.name: 'Windows 10', os.arch: 'amd64', os.version: '10.0', java.version: '22.0.1'\nDriver info: org.openqa.selenium.chrome.ChromeDriver\nCommand: [94752c097ed8008e363fbfc999eab594, clickElement {id=f.219C60669DC4DF31EAD62120D579830D.d.60048F8BECCF2775AD4B2439A189D896.e.4665}]\nCapabilities {acceptInsecureCerts: false, browserName: chrome, browserVersion: 131.0.6778.109, chrome: {chromedriverVersion: 131.0.6778.87 (ce31cae94873..., userDataDir: C:\\Users\\TWINUS~1\\AppData\\L...}, fedcm:accounts: true, goog:chromeOptions: {debuggerAddress: localhost:49782}, networkConnectionEnabled: false, pageLoadStrategy: normal, platformName: windows, proxy: Proxy(), se:cdp: ws://localhost:49782/devtoo..., se:cdpVersion: 131.0.6778.109, setWindowRect: true, strictFileInteractability: false, timeouts: {implicit: 0, pageLoad: 300000, script: 30000}, unhandledPromptBehavior: dismiss and notify, webauthn:extension:credBlob: true, webauthn:extension:largeBlob: true, webauthn:extension:minPinLength: true, webauthn:extension:prf: true, webauthn:virtualAuthenticators: true}\nElement: [[[[ChromeDriver: chrome on windows (94752c097ed8008e363fbfc999eab594)] -> xpath: //*[@id='assignProjectUserModal']/div/div/div[2]/div/div/form/div[1]/div[1]/app-input/div/select]] -> xpath: .//option[normalize-space(.) = \"Project Manager\"]]\nSession ID: 94752c097ed8008e363fbfc999eab594","trace":"org.openqa.selenium.JavascriptException: javascript error: {\"status\":11,\"value\":\"Element is not currently visible and may not be manipulated\"}\n  (Session info: chrome=131.0.6778.109)\nBuild info: version: '4.20.0', revision: '866c76ca80'\nSystem info: os.name: 'Windows 10', os.arch: 'amd64', os.version: '10.0', java.version: '22.0.1'\nDriver info: org.openqa.selenium.chrome.ChromeDriver\nCommand: [94752c097ed8008e363fbfc999eab594, clickElement {id=f.219C60669DC4DF31EAD62120D579830D.d.60048F8BECCF2775AD4B2439A189D896.e.4665}]\nCapabilities {acceptInsecureCerts: false, browserName: chrome, browserVersion: 131.0.6778.109, chrome: {chromedriverVersion: 131.0.6778.87 (ce31cae94873..., userDataDir: C:\\Users\\TWINUS~1\\AppData\\L...}, fedcm:accounts: true, goog:chromeOptions: {debuggerAddress: localhost:49782}, networkConnectionEnabled: false, pageLoadStrategy: normal, platformName: windows, proxy: Proxy(), se:cdp: ws://localhost:49782/devtoo..., se:cdpVersion: 131.0.6778.109, setWindowRect: true, strictFileInteractability: false, timeouts: {implicit: 0, pageLoad: 300000, script: 30000}, unhandledPromptBehavior: dismiss and notify, webauthn:extension:credBlob: true, webauthn:extension:largeBlob: true, webauthn:extension:minPinLength: true, webauthn:extension:prf: true, webauthn:virtualAuthenticators: true}\nElement: [[[[ChromeDriver: chrome on windows (94752c097ed8008e363fbfc999eab594)] -> xpath: //*[@id='assignProjectUserModal']/div/div/div[2]/div/div/form/div[1]/div[1]/app-input/div/select]] -> xpath: .//option[normalize-space(.) = \"Project Manager\"]]\nSession ID: 94752c097ed8008e363fbfc999eab594\r\n\tat java.base/jdk.internal.reflect.DirectConstructorHandleAccessor.newInstance(DirectConstructorHandleAccessor.java:62)\r\n\tat java.base/java.lang.reflect.Constructor.newInstanceWithCaller(Constructor.java:502)\r\n\tat java.base/java.lang.reflect.Constructor.newInstance(Constructor.java:486)\r\n\tat org.openqa.selenium.remote.ErrorCodec.decode(ErrorCodec.java:167)\r\n\tat org.openqa.selenium.remote.codec.w3c.W3CHttpResponseCodec.decode(W3CHttpResponseCodec.java:138)\r\n\tat org.openqa.selenium.remote.codec.w3c.W3CHttpResponseCodec.decode(W3CHttpResponseCodec.java:50)\r\n\tat org.openqa.selenium.remote.HttpCommandExecutor.execute(HttpCommandExecutor.java:190)\r\n\tat org.openqa.selenium.remote.service.DriverCommandExecutor.invokeExecute(DriverCommandExecutor.java:216)\r\n\tat org.openqa.selenium.remote.service.DriverCommandExecutor.execute(DriverCommandExecutor.java:174)\r\n\tat org.openqa.selenium.remote.RemoteWebDriver.execute(RemoteWebDriver.java:518)\r\n\tat org.openqa.selenium.remote.RemoteWebElement.execute(RemoteWebElement.java:223)\r\n\tat org.openqa.selenium.remote.RemoteWebElement.click(RemoteWebElement.java:76)\r\n\tat org.openqa.selenium.support.ui.Select.setSelected(Select.java:315)\r\n\tat org.openqa.selenium.support.ui.Select.selectByVisibleText(Select.java:119)\r\n\tat Locators.AssignRole_Locators.selectRole(AssignRole_Locators.java:112)\r\n\tat Testcases.DesingProjectTestcases.clicking_on_select_role_drop_down_to_select_the_required_role_from_the_list_using_sheetname_and_rownumber(DesingProjectTestcases.java:635)\r\n\tat ✽.Clicking on Select role drop-down to select the required role from the list using sheetname \"Assign Role\" and rownumber 0(file:///C:/Users/TWINUser-08/eclipse-workspace/DemoURL-Krion6D_Automation/src/test/resources/DesignProject.feature:122)\r\n"},"stage":"finished","description":"   This feature aims to test and create the Projects and other functionality in it under Design module within the application.","steps":[{"name":"Then Clicking on Select role drop-down to select the required role from the list using sheetname \"Assign Role\" and rownumber 0","status":"broken","statusDetails":{"known":false,"muted":false,"flaky":false,"message":"javascript error: {\"status\":11,\"value\":\"Element is not currently visible and may not be manipulated\"}\n  (Session info: chrome=131.0.6778.109)\nBuild info: version: '4.20.0', revision: '866c76ca80'\nSystem info: os.name: 'Windows 10', os.arch: 'amd64', os.version: '10.0', java.version: '22.0.1'\nDriver info: org.openqa.selenium.chrome.ChromeDriver\nCommand: [94752c097ed8008e363fbfc999eab594, clickElement {id=f.219C60669DC4DF31EAD62120D579830D.d.60048F8BECCF2775AD4B2439A189D896.e.4665}]\nCapabilities {acceptInsecureCerts: false, browserName: chrome, browserVersion: 131.0.6778.109, chrome: {chromedriverVersion: 131.0.6778.87 (ce31cae94873..., userDataDir: C:\\Users\\TWINUS~1\\AppData\\L...}, fedcm:accounts: true, goog:chromeOptions: {debuggerAddress: localhost:49782}, networkConnectionEnabled: false, pageLoadStrategy: normal, platformName: windows, proxy: Proxy(), se:cdp: ws://localhost:49782/devtoo..., se:cdpVersion: 131.0.6778.109, setWindowRect: true, strictFileInteractability: false, timeouts: {implicit: 0, pageLoad: 300000, script: 30000}, unhandledPromptBehavior: dismiss and notify, webauthn:extension:credBlob: true, webauthn:extension:largeBlob: true, webauthn:extension:minPinLength: true, webauthn:extension:prf: true, webauthn:virtualAuthenticators: true}\nElement: [[[[ChromeDriver: chrome on windows (94752c097ed8008e363fbfc999eab594)] -> xpath: //*[@id='assignProjectUserModal']/div/div/div[2]/div/div/form/div[1]/div[1]/app-input/div/select]] -> xpath: .//option[normalize-space(.) = \"Project Manager\"]]\nSession ID: 94752c097ed8008e363fbfc999eab594","trace":"org.openqa.selenium.JavascriptException: javascript error: {\"status\":11,\"value\":\"Element is not currently visible and may not be manipulated\"}\n  (Session info: chrome=131.0.6778.109)\nBuild info: version: '4.20.0', revision: '866c76ca80'\nSystem info: os.name: 'Windows 10', os.arch: 'amd64', os.version: '10.0', java.version: '22.0.1'\nDriver info: org.openqa.selenium.chrome.ChromeDriver\nCommand: [94752c097ed8008e363fbfc999eab594, clickElement {id=f.219C60669DC4DF31EAD62120D579830D.d.60048F8BECCF2775AD4B2439A189D896.e.4665}]\nCapabilities {acceptInsecureCerts: false, browserName: chrome, browserVersion: 131.0.6778.109, chrome: {chromedriverVersion: 131.0.6778.87 (ce31cae94873..., userDataDir: C:\\Users\\TWINUS~1\\AppData\\L...}, fedcm:accounts: true, goog:chromeOptions: {debuggerAddress: localhost:49782}, networkConnectionEnabled: false, pageLoadStrategy: normal, platformName: windows, proxy: Proxy(), se:cdp: ws://localhost:49782/devtoo..., se:cdpVersion: 131.0.6778.109, setWindowRect: true, strictFileInteractability: false, timeouts: {implicit: 0, pageLoad: 300000, script: 30000}, unhandledPromptBehavior: dismiss and notify, webauthn:extension:credBlob: true, webauthn:extension:largeBlob: true, webauthn:extension:minPinLength: true, webauthn:extension:prf: true, webauthn:virtualAuthenticators: true}\nElement: [[[[ChromeDriver: chrome on windows (94752c097ed8008e363fbfc999eab594)] -> xpath: //*[@id='assignProjectUserModal']/div/div/div[2]/div/div/form/div[1]/div[1]/app-input/div/select]] -> xpath: .//option[normalize-space(.) = \"Project Manager\"]]\nSession ID: 94752c097ed8008e363fbfc999eab594\r\n\tat java.base/jdk.internal.reflect.DirectConstructorHandleAccessor.newInstance(DirectConstructorHandleAccessor.java:62)\r\n\tat java.base/java.lang.reflect.Constructor.newInstanceWithCaller(Constructor.java:502)\r\n\tat java.base/java.lang.reflect.Constructor.newInstance(Constructor.java:486)\r\n\tat org.openqa.selenium.remote.ErrorCodec.decode(ErrorCodec.java:167)\r\n\tat org.openqa.selenium.remote.codec.w3c.W3CHttpResponseCodec.decode(W3CHttpResponseCodec.java:138)\r\n\tat org.openqa.selenium.remote.codec.w3c.W3CHttpResponseCodec.decode(W3CHttpResponseCodec.java:50)\r\n\tat org.openqa.selenium.remote.HttpCommandExecutor.execute(HttpCommandExecutor.java:190)\r\n\tat org.openqa.selenium.remote.service.DriverCommandExecutor.invokeExecute(DriverCommandExecutor.java:216)\r\n\tat org.openqa.selenium.remote.service.DriverCommandExecutor.execute(DriverCommandExecutor.java:174)\r\n\tat org.openqa.selenium.remote.RemoteWebDriver.execute(RemoteWebDriver.java:518)\r\n\tat org.openqa.selenium.remote.RemoteWebElement.execute(RemoteWebElement.java:223)\r\n\tat org.openqa.selenium.remote.RemoteWebElement.click(RemoteWebElement.java:76)\r\n\tat org.openqa.selenium.support.ui.Select.setSelected(Select.java:315)\r\n\tat org.openqa.selenium.support.ui.Select.selectByVisibleText(Select.java:119)\r\n\tat Locators.AssignRole_Locators.selectRole(AssignRole_Locators.java:112)\r\n\tat Testcases.DesingProjectTestcases.clicking_on_select_role_drop_down_to_select_the_required_role_from_the_list_using_sheetname_and_rownumber(DesingProjectTestcases.java:635)\r\n\tat ✽.Clicking on Select role drop-down to select the required role from the list using sheetname \"Assign Role\" and rownumber 0(file:///C:/Users/TWINUser-08/eclipse-workspace/DemoURL-Krion6D_Automation/src/test/resources/DesignProject.feature:122)\r\n"},"stage":"finished","steps":[],"attachments":[{"name":"Screenshot for Role Assigning Page","source":"439a9840-509f-455f-928c-196099ba80be-attachment"}],"parameters":[],"start":1733835967612,"stop":1733835969937}],"attachments":[],"parameters":[],"start":1733835967587,"stop":1733835969947}