{"uuid":"b0e4fdb2-e1fd-41b7-aed4-3c79f2ea1836","historyId":"2da098cea125fe46e382206c6683f3ff","testCaseId":"9a31fc4afd30927e609d0de0b15f226c","fullName":"src/test/resources/DesignProject.feature:718","labels":[{"name":"tag","value":"Run"},{"name":"host","value":"TWIN19"},{"name":"thread","value":"23240@TWIN19.main(1)"},{"name":"feature","value":"Creating Projects and other functionalities realted to it"},{"name":"story","value":"Verify by Entering values in checklist fields and items"},{"name":"suite","value":"Creating Projects and other functionalities realted to it"},{"name":"testClass","value":"Verify by Entering values in checklist fields and items"},{"name":"framework","value":"cucumber6jvm"},{"name":"language","value":"java"},{"name":"gherkin_uri","value":"file:///C:/Users/TWINUser-08/eclipse-workspace/DemoURL-Krion6D_Automation/src/test/resources/DesignProject.feature"},{"name":"package","value":"src.test.resources.DesignProject_feature.Creating Projects and other functionalities realted to it"}],"links":[],"name":"Verify by Entering values in checklist fields and items","status":"broken","statusDetails":{"known":false,"muted":false,"flaky":false,"message":"element click intercepted: Element <a _ngcontent-wrq-c115=\"\" role=\"link\" routerlinkactive=\"active\" href=\"/projects/design/list/243/dashboard\" class=\"ng-star-inserted\">...</a> is not clickable at point (402, 9). Other element would receive the click: <header _ngcontent-wrq-c83=\"\" id=\"header\" class=\"header fixed-top d-flex align-items-center\">...</header>\n  (Session info: chrome=131.0.6778.109)\nBuild info: version: '4.20.0', revision: '866c76ca80'\nSystem info: os.name: 'Windows 10', os.arch: 'amd64', os.version: '10.0', java.version: '22.0.1'\nDriver info: org.openqa.selenium.chrome.ChromeDriver\nCommand: [46ed72cb37b611dfc36596002ecca457, clickElement {id=f.6F00DE52C5C207B7542DDB1B28DC80BE.d.6439E669EAFBACAD2039A9DD84D837C8.e.109}]\nCapabilities {acceptInsecureCerts: false, browserName: chrome, browserVersion: 131.0.6778.109, chrome: {chromedriverVersion: 131.0.6778.87 (ce31cae94873..., userDataDir: C:\\Users\\TWINUS~1\\AppData\\L...}, fedcm:accounts: true, goog:chromeOptions: {debuggerAddress: localhost:64712}, networkConnectionEnabled: false, pageLoadStrategy: normal, platformName: windows, proxy: Proxy(), se:cdp: ws://localhost:64712/devtoo..., se:cdpVersion: 131.0.6778.109, setWindowRect: true, strictFileInteractability: false, timeouts: {implicit: 0, pageLoad: 300000, script: 30000}, unhandledPromptBehavior: dismiss and notify, webauthn:extension:credBlob: true, webauthn:extension:largeBlob: true, webauthn:extension:minPinLength: true, webauthn:extension:prf: true, webauthn:virtualAuthenticators: true}\nElement: [[ChromeDriver: chrome on windows (46ed72cb37b611dfc36596002ecca457)] -> xpath: //tbody//tr//td//a[contains(text(),'1111-ATXX-XX01-0001-A-P01.18')]]\nSession ID: 46ed72cb37b611dfc36596002ecca457","trace":"org.openqa.selenium.ElementClickInterceptedException: element click intercepted: Element <a _ngcontent-wrq-c115=\"\" role=\"link\" routerlinkactive=\"active\" href=\"/projects/design/list/243/dashboard\" class=\"ng-star-inserted\">...</a> is not clickable at point (402, 9). Other element would receive the click: <header _ngcontent-wrq-c83=\"\" id=\"header\" class=\"header fixed-top d-flex align-items-center\">...</header>\n  (Session info: chrome=131.0.6778.109)\nBuild info: version: '4.20.0', revision: '866c76ca80'\nSystem info: os.name: 'Windows 10', os.arch: 'amd64', os.version: '10.0', java.version: '22.0.1'\nDriver info: org.openqa.selenium.chrome.ChromeDriver\nCommand: [46ed72cb37b611dfc36596002ecca457, clickElement {id=f.6F00DE52C5C207B7542DDB1B28DC80BE.d.6439E669EAFBACAD2039A9DD84D837C8.e.109}]\nCapabilities {acceptInsecureCerts: false, browserName: chrome, browserVersion: 131.0.6778.109, chrome: {chromedriverVersion: 131.0.6778.87 (ce31cae94873..., userDataDir: C:\\Users\\TWINUS~1\\AppData\\L...}, fedcm:accounts: true, goog:chromeOptions: {debuggerAddress: localhost:64712}, networkConnectionEnabled: false, pageLoadStrategy: normal, platformName: windows, proxy: Proxy(), se:cdp: ws://localhost:64712/devtoo..., se:cdpVersion: 131.0.6778.109, setWindowRect: true, strictFileInteractability: false, timeouts: {implicit: 0, pageLoad: 300000, script: 30000}, unhandledPromptBehavior: dismiss and notify, webauthn:extension:credBlob: true, webauthn:extension:largeBlob: true, webauthn:extension:minPinLength: true, webauthn:extension:prf: true, webauthn:virtualAuthenticators: true}\nElement: [[ChromeDriver: chrome on windows (46ed72cb37b611dfc36596002ecca457)] -> xpath: //tbody//tr//td//a[contains(text(),'1111-ATXX-XX01-0001-A-P01.18')]]\nSession ID: 46ed72cb37b611dfc36596002ecca457\r\n\tat java.base/jdk.internal.reflect.DirectConstructorHandleAccessor.newInstance(DirectConstructorHandleAccessor.java:62)\r\n\tat java.base/java.lang.reflect.Constructor.newInstanceWithCaller(Constructor.java:502)\r\n\tat java.base/java.lang.reflect.Constructor.newInstance(Constructor.java:486)\r\n\tat org.openqa.selenium.remote.ErrorCodec.decode(ErrorCodec.java:167)\r\n\tat org.openqa.selenium.remote.codec.w3c.W3CHttpResponseCodec.decode(W3CHttpResponseCodec.java:138)\r\n\tat org.openqa.selenium.remote.codec.w3c.W3CHttpResponseCodec.decode(W3CHttpResponseCodec.java:50)\r\n\tat org.openqa.selenium.remote.HttpCommandExecutor.execute(HttpCommandExecutor.java:190)\r\n\tat org.openqa.selenium.remote.service.DriverCommandExecutor.invokeExecute(DriverCommandExecutor.java:216)\r\n\tat org.openqa.selenium.remote.service.DriverCommandExecutor.execute(DriverCommandExecutor.java:174)\r\n\tat org.openqa.selenium.remote.RemoteWebDriver.execute(RemoteWebDriver.java:518)\r\n\tat org.openqa.selenium.remote.RemoteWebElement.execute(RemoteWebElement.java:223)\r\n\tat org.openqa.selenium.remote.RemoteWebElement.click(RemoteWebElement.java:76)\r\n\tat Locators.Edit_Design_Projects_Locators.clickOnProject(Edit_Design_Projects_Locators.java:118)\r\n\tat Testcases.Edit_DesignProject_Testcases.enteringValuesInChecklistFieldsAndItems(Edit_DesignProject_Testcases.java:1000)\r\n\tat ✽.Entering values in checklist fields and items using sheetnames \"Edit checklist\" and \"Edit checklist items\" with rownumber 0(file:///C:/Users/TWINUser-08/eclipse-workspace/DemoURL-Krion6D_Automation/src/test/resources/DesignProject.feature:719)\r\n"},"stage":"finished","description":"   This feature aims to test and create the Projects and other functionality in it under Design module within the application.","steps":[{"name":"Then Entering values in checklist fields and items using sheetnames \"Edit checklist\" and \"Edit checklist items\" with rownumber 0","status":"broken","statusDetails":{"known":false,"muted":false,"flaky":false,"message":"element click intercepted: Element <a _ngcontent-wrq-c115=\"\" role=\"link\" routerlinkactive=\"active\" href=\"/projects/design/list/243/dashboard\" class=\"ng-star-inserted\">...</a> is not clickable at point (402, 9). Other element would receive the click: <header _ngcontent-wrq-c83=\"\" id=\"header\" class=\"header fixed-top d-flex align-items-center\">...</header>\n  (Session info: chrome=131.0.6778.109)\nBuild info: version: '4.20.0', revision: '866c76ca80'\nSystem info: os.name: 'Windows 10', os.arch: 'amd64', os.version: '10.0', java.version: '22.0.1'\nDriver info: org.openqa.selenium.chrome.ChromeDriver\nCommand: [46ed72cb37b611dfc36596002ecca457, clickElement {id=f.6F00DE52C5C207B7542DDB1B28DC80BE.d.6439E669EAFBACAD2039A9DD84D837C8.e.109}]\nCapabilities {acceptInsecureCerts: false, browserName: chrome, browserVersion: 131.0.6778.109, chrome: {chromedriverVersion: 131.0.6778.87 (ce31cae94873..., userDataDir: C:\\Users\\TWINUS~1\\AppData\\L...}, fedcm:accounts: true, goog:chromeOptions: {debuggerAddress: localhost:64712}, networkConnectionEnabled: false, pageLoadStrategy: normal, platformName: windows, proxy: Proxy(), se:cdp: ws://localhost:64712/devtoo..., se:cdpVersion: 131.0.6778.109, setWindowRect: true, strictFileInteractability: false, timeouts: {implicit: 0, pageLoad: 300000, script: 30000}, unhandledPromptBehavior: dismiss and notify, webauthn:extension:credBlob: true, webauthn:extension:largeBlob: true, webauthn:extension:minPinLength: true, webauthn:extension:prf: true, webauthn:virtualAuthenticators: true}\nElement: [[ChromeDriver: chrome on windows (46ed72cb37b611dfc36596002ecca457)] -> xpath: //tbody//tr//td//a[contains(text(),'1111-ATXX-XX01-0001-A-P01.18')]]\nSession ID: 46ed72cb37b611dfc36596002ecca457","trace":"org.openqa.selenium.ElementClickInterceptedException: element click intercepted: Element <a _ngcontent-wrq-c115=\"\" role=\"link\" routerlinkactive=\"active\" href=\"/projects/design/list/243/dashboard\" class=\"ng-star-inserted\">...</a> is not clickable at point (402, 9). Other element would receive the click: <header _ngcontent-wrq-c83=\"\" id=\"header\" class=\"header fixed-top d-flex align-items-center\">...</header>\n  (Session info: chrome=131.0.6778.109)\nBuild info: version: '4.20.0', revision: '866c76ca80'\nSystem info: os.name: 'Windows 10', os.arch: 'amd64', os.version: '10.0', java.version: '22.0.1'\nDriver info: org.openqa.selenium.chrome.ChromeDriver\nCommand: [46ed72cb37b611dfc36596002ecca457, clickElement {id=f.6F00DE52C5C207B7542DDB1B28DC80BE.d.6439E669EAFBACAD2039A9DD84D837C8.e.109}]\nCapabilities {acceptInsecureCerts: false, browserName: chrome, browserVersion: 131.0.6778.109, chrome: {chromedriverVersion: 131.0.6778.87 (ce31cae94873..., userDataDir: C:\\Users\\TWINUS~1\\AppData\\L...}, fedcm:accounts: true, goog:chromeOptions: {debuggerAddress: localhost:64712}, networkConnectionEnabled: false, pageLoadStrategy: normal, platformName: windows, proxy: Proxy(), se:cdp: ws://localhost:64712/devtoo..., se:cdpVersion: 131.0.6778.109, setWindowRect: true, strictFileInteractability: false, timeouts: {implicit: 0, pageLoad: 300000, script: 30000}, unhandledPromptBehavior: dismiss and notify, webauthn:extension:credBlob: true, webauthn:extension:largeBlob: true, webauthn:extension:minPinLength: true, webauthn:extension:prf: true, webauthn:virtualAuthenticators: true}\nElement: [[ChromeDriver: chrome on windows (46ed72cb37b611dfc36596002ecca457)] -> xpath: //tbody//tr//td//a[contains(text(),'1111-ATXX-XX01-0001-A-P01.18')]]\nSession ID: 46ed72cb37b611dfc36596002ecca457\r\n\tat java.base/jdk.internal.reflect.DirectConstructorHandleAccessor.newInstance(DirectConstructorHandleAccessor.java:62)\r\n\tat java.base/java.lang.reflect.Constructor.newInstanceWithCaller(Constructor.java:502)\r\n\tat java.base/java.lang.reflect.Constructor.newInstance(Constructor.java:486)\r\n\tat org.openqa.selenium.remote.ErrorCodec.decode(ErrorCodec.java:167)\r\n\tat org.openqa.selenium.remote.codec.w3c.W3CHttpResponseCodec.decode(W3CHttpResponseCodec.java:138)\r\n\tat org.openqa.selenium.remote.codec.w3c.W3CHttpResponseCodec.decode(W3CHttpResponseCodec.java:50)\r\n\tat org.openqa.selenium.remote.HttpCommandExecutor.execute(HttpCommandExecutor.java:190)\r\n\tat org.openqa.selenium.remote.service.DriverCommandExecutor.invokeExecute(DriverCommandExecutor.java:216)\r\n\tat org.openqa.selenium.remote.service.DriverCommandExecutor.execute(DriverCommandExecutor.java:174)\r\n\tat org.openqa.selenium.remote.RemoteWebDriver.execute(RemoteWebDriver.java:518)\r\n\tat org.openqa.selenium.remote.RemoteWebElement.execute(RemoteWebElement.java:223)\r\n\tat org.openqa.selenium.remote.RemoteWebElement.click(RemoteWebElement.java:76)\r\n\tat Locators.Edit_Design_Projects_Locators.clickOnProject(Edit_Design_Projects_Locators.java:118)\r\n\tat Testcases.Edit_DesignProject_Testcases.enteringValuesInChecklistFieldsAndItems(Edit_DesignProject_Testcases.java:1000)\r\n\tat ✽.Entering values in checklist fields and items using sheetnames \"Edit checklist\" and \"Edit checklist items\" with rownumber 0(file:///C:/Users/TWINUser-08/eclipse-workspace/DemoURL-Krion6D_Automation/src/test/resources/DesignProject.feature:719)\r\n"},"stage":"finished","steps":[],"attachments":[],"parameters":[],"start":1733743730472,"stop":1733743746388}],"attachments":[],"parameters":[],"start":1733743730419,"stop":1733743746415}