{"uuid":"dca4a8e9-59c5-4a8b-838a-c4a22d57833b","historyId":"2ab684f601ab6829bc2ba43b2f1eb4c2","testCaseId":"52abb3dded31d7d49ac33859a19268f4","fullName":"src/test/resources/DesignProject.feature:158","labels":[{"name":"tag","value":"Run"},{"name":"host","value":"TWIN19"},{"name":"thread","value":"15588@TWIN19.main(1)"},{"name":"feature","value":"Creating Projects and other functionalities realted to it"},{"name":"story","value":"Creating workflow based on the type selected in the select category of the project"},{"name":"suite","value":"Creating Projects and other functionalities realted to it"},{"name":"testClass","value":"Creating workflow based on the type selected in the select category of the project"},{"name":"framework","value":"cucumber6jvm"},{"name":"language","value":"java"},{"name":"gherkin_uri","value":"file:///C:/Users/TWINUser-08/eclipse-workspace/DemoURL-Krion6D_Automation/src/test/resources/DesignProject.feature"},{"name":"package","value":"src.test.resources.DesignProject_feature.Creating Projects and other functionalities realted to it"}],"links":[],"name":"Creating workflow based on the type selected in the select category of the project","status":"broken","statusDetails":{"known":false,"muted":false,"flaky":false,"message":"element click intercepted: Element <select _ngcontent-wlq-c113=\"\" id=\"approvalStep\" formcontrolname=\"approvalSteps\" class=\"form-select ng-pristine ng-valid ng-touched\">...</select> is not clickable at point (746, 20). Other element would receive the click: <input _ngcontent-wlq-c80=\"\" type=\"text\" placeholder=\"Search for a keyword\" id=\"search-input\" name=\"search-input\" autocomplete=\"off\" class=\"search-input ng-untouched ng-pristine ng-valid\">\n  (Session info: chrome=131.0.6778.86)\nBuild info: version: '4.20.0', revision: '866c76ca80'\nSystem info: os.name: 'Windows 10', os.arch: 'amd64', os.version: '10.0', java.version: '22.0.1'\nDriver info: org.openqa.selenium.chrome.ChromeDriver\nCommand: [a7ee5a66536becb8418720024704e54a, clickElement {id=f.FCF89A4381FF6900DB5424443B6B4EEA.d.EDF5A4368E8F159017F304AC8FBBD9D8.e.13314}]\nCapabilities {acceptInsecureCerts: false, browserName: chrome, browserVersion: 131.0.6778.86, chrome: {chromedriverVersion: 131.0.6778.87 (ce31cae94873..., userDataDir: C:\\Users\\TWINUS~1\\AppData\\L...}, fedcm:accounts: true, goog:chromeOptions: {debuggerAddress: localhost:58744}, networkConnectionEnabled: false, pageLoadStrategy: normal, platformName: windows, proxy: Proxy(), se:cdp: ws://localhost:58744/devtoo..., se:cdpVersion: 131.0.6778.86, setWindowRect: true, strictFileInteractability: false, timeouts: {implicit: 0, pageLoad: 300000, script: 30000}, unhandledPromptBehavior: dismiss and notify, webauthn:extension:credBlob: true, webauthn:extension:largeBlob: true, webauthn:extension:minPinLength: true, webauthn:extension:prf: true, webauthn:virtualAuthenticators: true}\nElement: [[ChromeDriver: chrome on windows (a7ee5a66536becb8418720024704e54a)] -> xpath: //*[@id='approvalStep']]\nSession ID: a7ee5a66536becb8418720024704e54a","trace":"org.openqa.selenium.ElementClickInterceptedException: element click intercepted: Element <select _ngcontent-wlq-c113=\"\" id=\"approvalStep\" formcontrolname=\"approvalSteps\" class=\"form-select ng-pristine ng-valid ng-touched\">...</select> is not clickable at point (746, 20). Other element would receive the click: <input _ngcontent-wlq-c80=\"\" type=\"text\" placeholder=\"Search for a keyword\" id=\"search-input\" name=\"search-input\" autocomplete=\"off\" class=\"search-input ng-untouched ng-pristine ng-valid\">\n  (Session info: chrome=131.0.6778.86)\nBuild info: version: '4.20.0', revision: '866c76ca80'\nSystem info: os.name: 'Windows 10', os.arch: 'amd64', os.version: '10.0', java.version: '22.0.1'\nDriver info: org.openqa.selenium.chrome.ChromeDriver\nCommand: [a7ee5a66536becb8418720024704e54a, clickElement {id=f.FCF89A4381FF6900DB5424443B6B4EEA.d.EDF5A4368E8F159017F304AC8FBBD9D8.e.13314}]\nCapabilities {acceptInsecureCerts: false, browserName: chrome, browserVersion: 131.0.6778.86, chrome: {chromedriverVersion: 131.0.6778.87 (ce31cae94873..., userDataDir: C:\\Users\\TWINUS~1\\AppData\\L...}, fedcm:accounts: true, goog:chromeOptions: {debuggerAddress: localhost:58744}, networkConnectionEnabled: false, pageLoadStrategy: normal, platformName: windows, proxy: Proxy(), se:cdp: ws://localhost:58744/devtoo..., se:cdpVersion: 131.0.6778.86, setWindowRect: true, strictFileInteractability: false, timeouts: {implicit: 0, pageLoad: 300000, script: 30000}, unhandledPromptBehavior: dismiss and notify, webauthn:extension:credBlob: true, webauthn:extension:largeBlob: true, webauthn:extension:minPinLength: true, webauthn:extension:prf: true, webauthn:virtualAuthenticators: true}\nElement: [[ChromeDriver: chrome on windows (a7ee5a66536becb8418720024704e54a)] -> xpath: //*[@id='approvalStep']]\nSession ID: a7ee5a66536becb8418720024704e54a\r\n\tat java.base/jdk.internal.reflect.DirectConstructorHandleAccessor.newInstance(DirectConstructorHandleAccessor.java:62)\r\n\tat java.base/java.lang.reflect.Constructor.newInstanceWithCaller(Constructor.java:502)\r\n\tat java.base/java.lang.reflect.Constructor.newInstance(Constructor.java:486)\r\n\tat org.openqa.selenium.remote.ErrorCodec.decode(ErrorCodec.java:167)\r\n\tat org.openqa.selenium.remote.codec.w3c.W3CHttpResponseCodec.decode(W3CHttpResponseCodec.java:138)\r\n\tat org.openqa.selenium.remote.codec.w3c.W3CHttpResponseCodec.decode(W3CHttpResponseCodec.java:50)\r\n\tat org.openqa.selenium.remote.HttpCommandExecutor.execute(HttpCommandExecutor.java:190)\r\n\tat org.openqa.selenium.remote.service.DriverCommandExecutor.invokeExecute(DriverCommandExecutor.java:216)\r\n\tat org.openqa.selenium.remote.service.DriverCommandExecutor.execute(DriverCommandExecutor.java:174)\r\n\tat org.openqa.selenium.remote.RemoteWebDriver.execute(RemoteWebDriver.java:518)\r\n\tat org.openqa.selenium.remote.RemoteWebElement.execute(RemoteWebElement.java:223)\r\n\tat org.openqa.selenium.remote.RemoteWebElement.click(RemoteWebElement.java:76)\r\n\tat java.base/jdk.internal.reflect.DirectMethodHandleAccessor.invoke(DirectMethodHandleAccessor.java:103)\r\n\tat java.base/java.lang.reflect.Method.invoke(Method.java:580)\r\n\tat org.openqa.selenium.support.pagefactory.internal.LocatingElementHandler.invoke(LocatingElementHandler.java:51)\r\n\tat jdk.proxy2/jdk.proxy2.$Proxy20.click(Unknown Source)\r\n\tat Locators.WorkFlowLocators.ClickOnSelectTheCategoryDropdown(WorkFlowLocators.java:1106)\r\n\tat Testcases.WorkflowTestcases.creating_workflow_based_on_the_type_selected_in_the_select_category_of_the_project(WorkflowTestcases.java:141)\r\n\tat ✽.Creating workflow based on the type selected in the select category of the project using sheetname \"Workflow\" and rownumber 0(file:///C:/Users/TWINUser-08/eclipse-workspace/DemoURL-Krion6D_Automation/src/test/resources/DesignProject.feature:159)\r\n"},"stage":"finished","description":"   This feature aims to test and create the Projects and other functionality in it under Design module within the application.","steps":[{"name":"Then Creating workflow based on the type selected in the select category of the project using sheetname \"Workflow\" and rownumber 0","status":"broken","statusDetails":{"known":false,"muted":false,"flaky":false,"message":"element click intercepted: Element <select _ngcontent-wlq-c113=\"\" id=\"approvalStep\" formcontrolname=\"approvalSteps\" class=\"form-select ng-pristine ng-valid ng-touched\">...</select> is not clickable at point (746, 20). Other element would receive the click: <input _ngcontent-wlq-c80=\"\" type=\"text\" placeholder=\"Search for a keyword\" id=\"search-input\" name=\"search-input\" autocomplete=\"off\" class=\"search-input ng-untouched ng-pristine ng-valid\">\n  (Session info: chrome=131.0.6778.86)\nBuild info: version: '4.20.0', revision: '866c76ca80'\nSystem info: os.name: 'Windows 10', os.arch: 'amd64', os.version: '10.0', java.version: '22.0.1'\nDriver info: org.openqa.selenium.chrome.ChromeDriver\nCommand: [a7ee5a66536becb8418720024704e54a, clickElement {id=f.FCF89A4381FF6900DB5424443B6B4EEA.d.EDF5A4368E8F159017F304AC8FBBD9D8.e.13314}]\nCapabilities {acceptInsecureCerts: false, browserName: chrome, browserVersion: 131.0.6778.86, chrome: {chromedriverVersion: 131.0.6778.87 (ce31cae94873..., userDataDir: C:\\Users\\TWINUS~1\\AppData\\L...}, fedcm:accounts: true, goog:chromeOptions: {debuggerAddress: localhost:58744}, networkConnectionEnabled: false, pageLoadStrategy: normal, platformName: windows, proxy: Proxy(), se:cdp: ws://localhost:58744/devtoo..., se:cdpVersion: 131.0.6778.86, setWindowRect: true, strictFileInteractability: false, timeouts: {implicit: 0, pageLoad: 300000, script: 30000}, unhandledPromptBehavior: dismiss and notify, webauthn:extension:credBlob: true, webauthn:extension:largeBlob: true, webauthn:extension:minPinLength: true, webauthn:extension:prf: true, webauthn:virtualAuthenticators: true}\nElement: [[ChromeDriver: chrome on windows (a7ee5a66536becb8418720024704e54a)] -> xpath: //*[@id='approvalStep']]\nSession ID: a7ee5a66536becb8418720024704e54a","trace":"org.openqa.selenium.ElementClickInterceptedException: element click intercepted: Element <select _ngcontent-wlq-c113=\"\" id=\"approvalStep\" formcontrolname=\"approvalSteps\" class=\"form-select ng-pristine ng-valid ng-touched\">...</select> is not clickable at point (746, 20). Other element would receive the click: <input _ngcontent-wlq-c80=\"\" type=\"text\" placeholder=\"Search for a keyword\" id=\"search-input\" name=\"search-input\" autocomplete=\"off\" class=\"search-input ng-untouched ng-pristine ng-valid\">\n  (Session info: chrome=131.0.6778.86)\nBuild info: version: '4.20.0', revision: '866c76ca80'\nSystem info: os.name: 'Windows 10', os.arch: 'amd64', os.version: '10.0', java.version: '22.0.1'\nDriver info: org.openqa.selenium.chrome.ChromeDriver\nCommand: [a7ee5a66536becb8418720024704e54a, clickElement {id=f.FCF89A4381FF6900DB5424443B6B4EEA.d.EDF5A4368E8F159017F304AC8FBBD9D8.e.13314}]\nCapabilities {acceptInsecureCerts: false, browserName: chrome, browserVersion: 131.0.6778.86, chrome: {chromedriverVersion: 131.0.6778.87 (ce31cae94873..., userDataDir: C:\\Users\\TWINUS~1\\AppData\\L...}, fedcm:accounts: true, goog:chromeOptions: {debuggerAddress: localhost:58744}, networkConnectionEnabled: false, pageLoadStrategy: normal, platformName: windows, proxy: Proxy(), se:cdp: ws://localhost:58744/devtoo..., se:cdpVersion: 131.0.6778.86, setWindowRect: true, strictFileInteractability: false, timeouts: {implicit: 0, pageLoad: 300000, script: 30000}, unhandledPromptBehavior: dismiss and notify, webauthn:extension:credBlob: true, webauthn:extension:largeBlob: true, webauthn:extension:minPinLength: true, webauthn:extension:prf: true, webauthn:virtualAuthenticators: true}\nElement: [[ChromeDriver: chrome on windows (a7ee5a66536becb8418720024704e54a)] -> xpath: //*[@id='approvalStep']]\nSession ID: a7ee5a66536becb8418720024704e54a\r\n\tat java.base/jdk.internal.reflect.DirectConstructorHandleAccessor.newInstance(DirectConstructorHandleAccessor.java:62)\r\n\tat java.base/java.lang.reflect.Constructor.newInstanceWithCaller(Constructor.java:502)\r\n\tat java.base/java.lang.reflect.Constructor.newInstance(Constructor.java:486)\r\n\tat org.openqa.selenium.remote.ErrorCodec.decode(ErrorCodec.java:167)\r\n\tat org.openqa.selenium.remote.codec.w3c.W3CHttpResponseCodec.decode(W3CHttpResponseCodec.java:138)\r\n\tat org.openqa.selenium.remote.codec.w3c.W3CHttpResponseCodec.decode(W3CHttpResponseCodec.java:50)\r\n\tat org.openqa.selenium.remote.HttpCommandExecutor.execute(HttpCommandExecutor.java:190)\r\n\tat org.openqa.selenium.remote.service.DriverCommandExecutor.invokeExecute(DriverCommandExecutor.java:216)\r\n\tat org.openqa.selenium.remote.service.DriverCommandExecutor.execute(DriverCommandExecutor.java:174)\r\n\tat org.openqa.selenium.remote.RemoteWebDriver.execute(RemoteWebDriver.java:518)\r\n\tat org.openqa.selenium.remote.RemoteWebElement.execute(RemoteWebElement.java:223)\r\n\tat org.openqa.selenium.remote.RemoteWebElement.click(RemoteWebElement.java:76)\r\n\tat java.base/jdk.internal.reflect.DirectMethodHandleAccessor.invoke(DirectMethodHandleAccessor.java:103)\r\n\tat java.base/java.lang.reflect.Method.invoke(Method.java:580)\r\n\tat org.openqa.selenium.support.pagefactory.internal.LocatingElementHandler.invoke(LocatingElementHandler.java:51)\r\n\tat jdk.proxy2/jdk.proxy2.$Proxy20.click(Unknown Source)\r\n\tat Locators.WorkFlowLocators.ClickOnSelectTheCategoryDropdown(WorkFlowLocators.java:1106)\r\n\tat Testcases.WorkflowTestcases.creating_workflow_based_on_the_type_selected_in_the_select_category_of_the_project(WorkflowTestcases.java:141)\r\n\tat ✽.Creating workflow based on the type selected in the select category of the project using sheetname \"Workflow\" and rownumber 0(file:///C:/Users/TWINUser-08/eclipse-workspace/DemoURL-Krion6D_Automation/src/test/resources/DesignProject.feature:159)\r\n"},"stage":"finished","steps":[],"attachments":[],"parameters":[],"start":1733310428525,"stop":1733310885927}],"attachments":[],"parameters":[],"start":1733310428481,"stop":1733310885937}