{"uuid":"ee804af7-5349-4b04-bca9-ff165c626ee9","historyId":"68d6f2ea81350c3006248a378c109540","testCaseId":"dbaa34adcbdb8cb51e2ba86dcfc461f9","fullName":"src/test/resources/DesignProject.feature:352","labels":[{"name":"tag","value":"Run"},{"name":"host","value":"TWIN19"},{"name":"thread","value":"11720@TWIN19.main(1)"},{"name":"feature","value":"Creating Projects and other functionalities realted to it"},{"name":"story","value":"Verify by Selecting Workflow from the drop-down Add RFA"},{"name":"suite","value":"Creating Projects and other functionalities realted to it"},{"name":"testClass","value":"Verify by Selecting Workflow from the drop-down Add RFA"},{"name":"framework","value":"cucumber6jvm"},{"name":"language","value":"java"},{"name":"gherkin_uri","value":"file:///C:/Users/TWINUser-08/eclipse-workspace/DemoURL-Krion6D_Automation/src/test/resources/DesignProject.feature"},{"name":"package","value":"src.test.resources.DesignProject_feature.Creating Projects and other functionalities realted to it"}],"links":[],"name":"Verify by Selecting Workflow from the drop-down Add RFA","status":"broken","statusDetails":{"known":false,"muted":false,"flaky":false,"message":"element click intercepted: Element <ejs-dropdownlist _ngcontent-dhb-c92=\"\" popupheight=\"320px\" cssclass=\"e-bigger\" class=\"e-control e-dropdownlist e-lib ng-star-inserted\" id=\"ej2_dropdownlist_14\" style=\"\" aria-disabled=\"false\" tabindex=\"-1\">...</ejs-dropdownlist> is not clickable at point (1158, 294). Other element would receive the click: <div id=\"routeNavigationModal\" data-bs-backdrop=\"static\" data-bs-keyboard=\"false\" tabindex=\"-1\" aria-labelledby=\"routeNavigationModalLabel\" class=\"modal fade show\" aria-modal=\"true\" role=\"dialog\" style=\"display: block;\">...</div>\n  (Session info: chrome=131.0.6778.87)\nBuild info: version: '4.20.0', revision: '866c76ca80'\nSystem info: os.name: 'Windows 10', os.arch: 'amd64', os.version: '10.0', java.version: '22.0.1'\nDriver info: org.openqa.selenium.chrome.ChromeDriver\nCommand: [d3d96e4fe71f4c0cf3005434f2e211ea, clickElement {id=f.89E461B35317C86748052AAB045B9E3C.d.23289FE5D7237DF0F6132458F926E3A4.e.4759}]\nCapabilities {acceptInsecureCerts: false, browserName: chrome, browserVersion: 131.0.6778.87, chrome: {chromedriverVersion: 131.0.6778.87 (ce31cae94873..., userDataDir: C:\\Users\\TWINUS~1\\AppData\\L...}, fedcm:accounts: true, goog:chromeOptions: {debuggerAddress: localhost:65109}, networkConnectionEnabled: false, pageLoadStrategy: normal, platformName: windows, proxy: Proxy(), se:cdp: ws://localhost:65109/devtoo..., se:cdpVersion: 131.0.6778.87, setWindowRect: true, strictFileInteractability: false, timeouts: {implicit: 0, pageLoad: 300000, script: 30000}, unhandledPromptBehavior: dismiss and notify, webauthn:extension:credBlob: true, webauthn:extension:largeBlob: true, webauthn:extension:minPinLength: true, webauthn:extension:prf: true, webauthn:virtualAuthenticators: true}\nElement: [[ChromeDriver: chrome on windows (d3d96e4fe71f4c0cf3005434f2e211ea)] -> xpath: //app-multiselect[@name='Workflow']//ejs-dropdownlist[starts-with(@id,'ej2_dropdownlist')]]\nSession ID: d3d96e4fe71f4c0cf3005434f2e211ea","trace":"org.openqa.selenium.ElementClickInterceptedException: element click intercepted: Element <ejs-dropdownlist _ngcontent-dhb-c92=\"\" popupheight=\"320px\" cssclass=\"e-bigger\" class=\"e-control e-dropdownlist e-lib ng-star-inserted\" id=\"ej2_dropdownlist_14\" style=\"\" aria-disabled=\"false\" tabindex=\"-1\">...</ejs-dropdownlist> is not clickable at point (1158, 294). Other element would receive the click: <div id=\"routeNavigationModal\" data-bs-backdrop=\"static\" data-bs-keyboard=\"false\" tabindex=\"-1\" aria-labelledby=\"routeNavigationModalLabel\" class=\"modal fade show\" aria-modal=\"true\" role=\"dialog\" style=\"display: block;\">...</div>\n  (Session info: chrome=131.0.6778.87)\nBuild info: version: '4.20.0', revision: '866c76ca80'\nSystem info: os.name: 'Windows 10', os.arch: 'amd64', os.version: '10.0', java.version: '22.0.1'\nDriver info: org.openqa.selenium.chrome.ChromeDriver\nCommand: [d3d96e4fe71f4c0cf3005434f2e211ea, clickElement {id=f.89E461B35317C86748052AAB045B9E3C.d.23289FE5D7237DF0F6132458F926E3A4.e.4759}]\nCapabilities {acceptInsecureCerts: false, browserName: chrome, browserVersion: 131.0.6778.87, chrome: {chromedriverVersion: 131.0.6778.87 (ce31cae94873..., userDataDir: C:\\Users\\TWINUS~1\\AppData\\L...}, fedcm:accounts: true, goog:chromeOptions: {debuggerAddress: localhost:65109}, networkConnectionEnabled: false, pageLoadStrategy: normal, platformName: windows, proxy: Proxy(), se:cdp: ws://localhost:65109/devtoo..., se:cdpVersion: 131.0.6778.87, setWindowRect: true, strictFileInteractability: false, timeouts: {implicit: 0, pageLoad: 300000, script: 30000}, unhandledPromptBehavior: dismiss and notify, webauthn:extension:credBlob: true, webauthn:extension:largeBlob: true, webauthn:extension:minPinLength: true, webauthn:extension:prf: true, webauthn:virtualAuthenticators: true}\nElement: [[ChromeDriver: chrome on windows (d3d96e4fe71f4c0cf3005434f2e211ea)] -> xpath: //app-multiselect[@name='Workflow']//ejs-dropdownlist[starts-with(@id,'ej2_dropdownlist')]]\nSession ID: d3d96e4fe71f4c0cf3005434f2e211ea\r\n\tat java.base/jdk.internal.reflect.DirectConstructorHandleAccessor.newInstance(DirectConstructorHandleAccessor.java:62)\r\n\tat java.base/java.lang.reflect.Constructor.newInstanceWithCaller(Constructor.java:502)\r\n\tat java.base/java.lang.reflect.Constructor.newInstance(Constructor.java:486)\r\n\tat org.openqa.selenium.remote.ErrorCodec.decode(ErrorCodec.java:167)\r\n\tat org.openqa.selenium.remote.codec.w3c.W3CHttpResponseCodec.decode(W3CHttpResponseCodec.java:138)\r\n\tat org.openqa.selenium.remote.codec.w3c.W3CHttpResponseCodec.decode(W3CHttpResponseCodec.java:50)\r\n\tat org.openqa.selenium.remote.HttpCommandExecutor.execute(HttpCommandExecutor.java:190)\r\n\tat org.openqa.selenium.remote.service.DriverCommandExecutor.invokeExecute(DriverCommandExecutor.java:216)\r\n\tat org.openqa.selenium.remote.service.DriverCommandExecutor.execute(DriverCommandExecutor.java:174)\r\n\tat org.openqa.selenium.remote.RemoteWebDriver.execute(RemoteWebDriver.java:518)\r\n\tat org.openqa.selenium.remote.RemoteWebElement.execute(RemoteWebElement.java:223)\r\n\tat org.openqa.selenium.remote.RemoteWebElement.click(RemoteWebElement.java:76)\r\n\tat java.base/jdk.internal.reflect.DirectMethodHandleAccessor.invoke(DirectMethodHandleAccessor.java:103)\r\n\tat java.base/java.lang.reflect.Method.invoke(Method.java:580)\r\n\tat org.openqa.selenium.support.pagefactory.internal.LocatingElementHandler.invoke(LocatingElementHandler.java:51)\r\n\tat jdk.proxy2/jdk.proxy2.$Proxy20.click(Unknown Source)\r\n\tat Locators.RFILocators.workflowselection(RFILocators.java:317)\r\n\tat Testcases.DesingProjectTestcases.selecting_workflow_from_the_drop_down_in_add_RFA_using_sheetname_and_rownumber(DesingProjectTestcases.java:1711)\r\n\tat ✽.Selecting Workflow from the drop-down in add RFA using sheetname \"Add RFA\" and rownumber 0(file:///C:/Users/TWINUser-08/eclipse-workspace/DemoURL-Krion6D_Automation/src/test/resources/DesignProject.feature:353)\r\n"},"stage":"finished","description":"   This feature aims to test and create the Projects and other functionality in it under Design module within the application.","steps":[{"name":"Then Selecting Workflow from the drop-down in add RFA using sheetname \"Add RFA\" and rownumber 0","status":"broken","statusDetails":{"known":false,"muted":false,"flaky":false,"message":"element click intercepted: Element <ejs-dropdownlist _ngcontent-dhb-c92=\"\" popupheight=\"320px\" cssclass=\"e-bigger\" class=\"e-control e-dropdownlist e-lib ng-star-inserted\" id=\"ej2_dropdownlist_14\" style=\"\" aria-disabled=\"false\" tabindex=\"-1\">...</ejs-dropdownlist> is not clickable at point (1158, 294). Other element would receive the click: <div id=\"routeNavigationModal\" data-bs-backdrop=\"static\" data-bs-keyboard=\"false\" tabindex=\"-1\" aria-labelledby=\"routeNavigationModalLabel\" class=\"modal fade show\" aria-modal=\"true\" role=\"dialog\" style=\"display: block;\">...</div>\n  (Session info: chrome=131.0.6778.87)\nBuild info: version: '4.20.0', revision: '866c76ca80'\nSystem info: os.name: 'Windows 10', os.arch: 'amd64', os.version: '10.0', java.version: '22.0.1'\nDriver info: org.openqa.selenium.chrome.ChromeDriver\nCommand: [d3d96e4fe71f4c0cf3005434f2e211ea, clickElement {id=f.89E461B35317C86748052AAB045B9E3C.d.23289FE5D7237DF0F6132458F926E3A4.e.4759}]\nCapabilities {acceptInsecureCerts: false, browserName: chrome, browserVersion: 131.0.6778.87, chrome: {chromedriverVersion: 131.0.6778.87 (ce31cae94873..., userDataDir: C:\\Users\\TWINUS~1\\AppData\\L...}, fedcm:accounts: true, goog:chromeOptions: {debuggerAddress: localhost:65109}, networkConnectionEnabled: false, pageLoadStrategy: normal, platformName: windows, proxy: Proxy(), se:cdp: ws://localhost:65109/devtoo..., se:cdpVersion: 131.0.6778.87, setWindowRect: true, strictFileInteractability: false, timeouts: {implicit: 0, pageLoad: 300000, script: 30000}, unhandledPromptBehavior: dismiss and notify, webauthn:extension:credBlob: true, webauthn:extension:largeBlob: true, webauthn:extension:minPinLength: true, webauthn:extension:prf: true, webauthn:virtualAuthenticators: true}\nElement: [[ChromeDriver: chrome on windows (d3d96e4fe71f4c0cf3005434f2e211ea)] -> xpath: //app-multiselect[@name='Workflow']//ejs-dropdownlist[starts-with(@id,'ej2_dropdownlist')]]\nSession ID: d3d96e4fe71f4c0cf3005434f2e211ea","trace":"org.openqa.selenium.ElementClickInterceptedException: element click intercepted: Element <ejs-dropdownlist _ngcontent-dhb-c92=\"\" popupheight=\"320px\" cssclass=\"e-bigger\" class=\"e-control e-dropdownlist e-lib ng-star-inserted\" id=\"ej2_dropdownlist_14\" style=\"\" aria-disabled=\"false\" tabindex=\"-1\">...</ejs-dropdownlist> is not clickable at point (1158, 294). Other element would receive the click: <div id=\"routeNavigationModal\" data-bs-backdrop=\"static\" data-bs-keyboard=\"false\" tabindex=\"-1\" aria-labelledby=\"routeNavigationModalLabel\" class=\"modal fade show\" aria-modal=\"true\" role=\"dialog\" style=\"display: block;\">...</div>\n  (Session info: chrome=131.0.6778.87)\nBuild info: version: '4.20.0', revision: '866c76ca80'\nSystem info: os.name: 'Windows 10', os.arch: 'amd64', os.version: '10.0', java.version: '22.0.1'\nDriver info: org.openqa.selenium.chrome.ChromeDriver\nCommand: [d3d96e4fe71f4c0cf3005434f2e211ea, clickElement {id=f.89E461B35317C86748052AAB045B9E3C.d.23289FE5D7237DF0F6132458F926E3A4.e.4759}]\nCapabilities {acceptInsecureCerts: false, browserName: chrome, browserVersion: 131.0.6778.87, chrome: {chromedriverVersion: 131.0.6778.87 (ce31cae94873..., userDataDir: C:\\Users\\TWINUS~1\\AppData\\L...}, fedcm:accounts: true, goog:chromeOptions: {debuggerAddress: localhost:65109}, networkConnectionEnabled: false, pageLoadStrategy: normal, platformName: windows, proxy: Proxy(), se:cdp: ws://localhost:65109/devtoo..., se:cdpVersion: 131.0.6778.87, setWindowRect: true, strictFileInteractability: false, timeouts: {implicit: 0, pageLoad: 300000, script: 30000}, unhandledPromptBehavior: dismiss and notify, webauthn:extension:credBlob: true, webauthn:extension:largeBlob: true, webauthn:extension:minPinLength: true, webauthn:extension:prf: true, webauthn:virtualAuthenticators: true}\nElement: [[ChromeDriver: chrome on windows (d3d96e4fe71f4c0cf3005434f2e211ea)] -> xpath: //app-multiselect[@name='Workflow']//ejs-dropdownlist[starts-with(@id,'ej2_dropdownlist')]]\nSession ID: d3d96e4fe71f4c0cf3005434f2e211ea\r\n\tat java.base/jdk.internal.reflect.DirectConstructorHandleAccessor.newInstance(DirectConstructorHandleAccessor.java:62)\r\n\tat java.base/java.lang.reflect.Constructor.newInstanceWithCaller(Constructor.java:502)\r\n\tat java.base/java.lang.reflect.Constructor.newInstance(Constructor.java:486)\r\n\tat org.openqa.selenium.remote.ErrorCodec.decode(ErrorCodec.java:167)\r\n\tat org.openqa.selenium.remote.codec.w3c.W3CHttpResponseCodec.decode(W3CHttpResponseCodec.java:138)\r\n\tat org.openqa.selenium.remote.codec.w3c.W3CHttpResponseCodec.decode(W3CHttpResponseCodec.java:50)\r\n\tat org.openqa.selenium.remote.HttpCommandExecutor.execute(HttpCommandExecutor.java:190)\r\n\tat org.openqa.selenium.remote.service.DriverCommandExecutor.invokeExecute(DriverCommandExecutor.java:216)\r\n\tat org.openqa.selenium.remote.service.DriverCommandExecutor.execute(DriverCommandExecutor.java:174)\r\n\tat org.openqa.selenium.remote.RemoteWebDriver.execute(RemoteWebDriver.java:518)\r\n\tat org.openqa.selenium.remote.RemoteWebElement.execute(RemoteWebElement.java:223)\r\n\tat org.openqa.selenium.remote.RemoteWebElement.click(RemoteWebElement.java:76)\r\n\tat java.base/jdk.internal.reflect.DirectMethodHandleAccessor.invoke(DirectMethodHandleAccessor.java:103)\r\n\tat java.base/java.lang.reflect.Method.invoke(Method.java:580)\r\n\tat org.openqa.selenium.support.pagefactory.internal.LocatingElementHandler.invoke(LocatingElementHandler.java:51)\r\n\tat jdk.proxy2/jdk.proxy2.$Proxy20.click(Unknown Source)\r\n\tat Locators.RFILocators.workflowselection(RFILocators.java:317)\r\n\tat Testcases.DesingProjectTestcases.selecting_workflow_from_the_drop_down_in_add_RFA_using_sheetname_and_rownumber(DesingProjectTestcases.java:1711)\r\n\tat ✽.Selecting Workflow from the drop-down in add RFA using sheetname \"Add RFA\" and rownumber 0(file:///C:/Users/TWINUser-08/eclipse-workspace/DemoURL-Krion6D_Automation/src/test/resources/DesignProject.feature:353)\r\n"},"stage":"finished","steps":[],"attachments":[{"name":"Screenshot for Add RFA Page","source":"06d9d243-12a3-4cd2-a923-b5476bc3316c-attachment"}],"parameters":[],"start":1733484924458,"stop":1733484926854}],"attachments":[],"parameters":[],"start":1733484924431,"stop":1733484926856}